Starting object 1
1545234544615,11552,11552,9,0.000,0.000,0.000,255,0,
1545234544615,0,11552,4,-0.107,-1.793,0.000,255,0,
1545234544615,0,11552,6,2.352,0.000,0.000,255,0,
1545234554625,10010,21562,9,0.000,0.000,0.000,255,0,
1545234554625,0,21562,4,-0.107,-1.793,0.000,255,0,
1545234554625,0,21562,6,2.352,0.000,0.000,255,0,
1545234563932,9307,30869,5,1.191,-1.127,-0.123,4,1.482,6,1.565,9,1.583,255,0,
1545234564052,120,30989,5,1.136,-1.122,-0.361,4,1.458,6,1.694,9,1.638,255,0,
1545234564169,117,31106,5,1.191,-1.127,-0.123,4,1.458,6,1.694,9,1.638,255,0,
1545234564291,122,31228,5,1.191,-1.127,-0.123,4,1.428,6,1.864,9,1.691,255,0,
1545234564414,123,31351,5,1.191,-1.127,-0.123,4,1.412,6,1.884,9,1.699,255,0,
1545234564523,109,31460,5,1.191,-1.127,-0.123,4,1.398,6,1.969,9,1.712,255,0,
1545234564632,109,31569,9,0.000,0.000,0.000,255,0,
1545234564632,0,31569,4,-0.107,-1.793,0.000,255,0,
1545234564632,0,31569,6,2.352,0.000,0.000,255,0,
1545234564644,12,31581,5,1.191,-1.127,-0.123,4,1.394,6,1.885,9,1.730,255,0,
1545234564760,116,31697,5,1.127,-1.137,-0.384,4,1.379,6,1.880,9,1.748,255,0,
1545234564880,120,31817,5,1.103,-1.156,-0.439,4,1.381,6,1.862,9,1.744,255,0,
1545234565013,133,31950,5,1.072,-1.177,-0.507,4,1.374,6,1.842,9,1.738,255,0,
1545234565111,98,32048,5,1.048,-1.198,-0.556,4,1.368,6,1.787,9,1.748,255,0,
1545234565232,121,32169,5,1.034,-1.220,-0.587,4,1.448,6,1.751,9,1.826,255,0,
1545234565466,234,32403,5,1.034,-1.238,-0.582,4,1.471,6,1.735,9,1.749,255,0,
1545234565589,123,32526,5,1.051,-1.258,-0.534,4,1.480,6,1.728,9,1.730,255,0,
1545234565712,123,32649,5,1.080,-1.277,-0.463,4,1.453,6,1.726,9,1.734,255,0,
1545234565821,109,32758,5,1.099,-1.286,-0.419,4,1.472,6,1.724,9,1.739,255,0,
1545234565944,123,32881,5,1.129,-1.291,-0.369,4,1.414,6,1.718,9,1.728,255,0,
1545234566076,132,33013,5,1.168,-1.273,-0.351,4,1.415,6,1.710,9,1.729,255,0,
1545234566185,109,33122,5,1.179,-1.253,-0.365,4,1.423,6,1.700,9,1.722,255,0,
1545234566294,109,33231,5,1.183,-1.232,-0.379,4,1.425,6,1.689,9,1.712,255,0,
1545234566773,479,33710,5,1.183,-1.224,-0.375,4,1.428,6,1.650,9,1.690,255,0,
1545234568778,2005,35715,5,1.183,-1.222,-0.371,4,1.437,6,1.903,9,1.706,255,0,
1545234574640,5862,41577,6,2.352,0.000,0.000,255,0,
1545234574640,0,41577,9,0.000,0.000,0.000,255,0,
1545234574640,0,41577,4,-0.107,-1.793,0.000,255,0,
1545234584645,10005,51582,6,2.352,0.000,0.000,255,0,
1545234584645,0,51582,9,0.000,0.000,0.000,255,0,
1545234584645,0,51582,4,-0.107,-1.793,0.000,255,0,
1545234591634,6989,58571,5,1.183,-1.222,-0.369,4,1.482,6,1.830,9,1.736,255,0,
1545234591754,120,58691,5,1.180,-1.226,-0.275,4,1.510,6,1.614,9,1.755,255,0,
1545234591992,238,58929,5,1.176,-1.226,-0.280,4,1.570,6,1.656,9,1.786,255,0,
1545234592118,126,59055,5,1.175,-1.225,-0.283,4,1.592,6,1.653,9,1.779,255,0,
1545234592226,108,59163,5,1.179,-1.222,-0.287,4,1.607,6,1.624,9,1.792,255,0,
1545234592360,134,59297,5,1.240,-1.185,-0.337,4,1.631,6,1.621,9,1.782,255,0,
1545234592472,112,59409,5,1.252,-1.189,-0.279,4,1.630,6,1.625,9,1.783,255,0,
1545234592583,111,59520,5,1.267,-1.187,-0.285,4,1.612,6,1.625,9,1.781,255,0,
1545234592700,117,59637,5,1.274,-1.178,-0.330,4,1.612,6,1.731,9,1.781,255,0,
1545234592817,117,59754,5,1.280,-1.166,-0.380,4,1.565,6,1.658,9,1.730,255,0,
1545234592944,127,59881,5,1.284,-1.151,-0.441,4,1.531,6,1.637,9,1.686,255,0,
1545234593055,111,59992,5,1.283,-1.141,-0.484,4,1.735,6,1.622,9,1.673,255,0,
1545234593415,360,60352,5,1.274,-1.141,-0.510,4,1.479,6,1.578,9,1.541,255,0,
1545234593761,346,60698,5,1.262,-1.136,-0.522,4,1.751,6,1.507,9,1.481,255,0,
1545234593893,132,60830,5,1.248,-1.127,-0.514,4,1.559,6,1.491,9,1.468,255,0,
1545234594005,112,60942,5,1.236,-1.115,-0.499,4,1.625,6,1.475,9,1.464,255,0,
1545234594652,647,61589,9,0.000,0.000,0.000,255,0,
1545234594652,0,61589,4,-0.107,-1.793,0.000,255,0,
1545234594652,0,61589,6,2.352,0.000,0.000,255,0,
1545234813110,218458,280047,6,2.352,0.000,0.000,255,0,
1545234813110,0,280047,5,1.101,-1.207,-0.404,4,1.521,6,1.467,9,1.459,255,0,
1545234813110,0,280047,9,0.000,0.000,0.000,255,0,
1545234813110,0,280047,4,-0.107,-1.793,0.000,255,0,
1545234818522,5412,285459,5,1.129,-0.886,-0.329,4,1.568,6,1.546,9,1.473,255,0,
1545234818633,111,285570,5,1.147,-0.827,-0.474,4,1.652,6,1.537,9,1.492,255,0,
1545234818764,131,285701,5,1.233,-1.112,-0.496,4,1.657,6,1.562,9,1.517,255,0,
1545234818871,107,285808,5,1.233,-1.112,-0.496,4,1.621,6,1.581,9,1.538,255,0,
1545234818991,120,285928,5,1.233,-1.112,-0.496,4,1.664,6,1.617,9,1.566,255,0,
1545234819115,124,286052,5,1.233,-1.112,-0.496,4,1.630,6,1.649,9,1.591,255,0,
1545234819224,109,286161,5,1.233,-1.112,-0.496,4,1.635,6,1.686,9,1.879,255,0,
1545234819343,119,286280,5,1.150,-0.842,-0.490,4,1.640,6,1.686,9,1.709,255,0,
1545234819460,117,286397,5,1.146,-0.848,-0.503,4,1.634,6,1.724,9,1.653,255,0,
1545234819588,128,286525,5,1.148,-0.867,-0.521,4,1.628,6,1.736,9,1.631,255,0,
1545234819696,108,286633,5,1.164,-0.916,-0.548,4,1.627,6,1.738,9,1.633,255,0,
1545234819817,121,286754,5,1.183,-0.970,-0.570,4,1.624,6,1.740,9,1.632,255,0,
1545234819933,116,286870,5,1.194,-1.014,-0.601,4,1.626,6,1.734,9,1.629,255,0,
1545234820051,118,286988,5,1.186,-1.028,-0.632,4,1.623,6,1.730,9,1.637,255,0,
1545234820168,117,287105,5,1.160,-1.017,-0.668,4,1.618,6,1.726,9,1.645,255,0,
1545234820297,129,287234,5,1.134,-0.997,-0.691,4,1.613,6,1.725,9,1.863,255,0,
1545234820408,111,287345,5,1.109,-0.974,-0.708,4,1.697,6,1.719,9,1.652,255,0,
1545234820539,131,287476,5,1.099,-0.968,-0.710,4,1.629,6,1.718,9,1.675,255,0,
1545234820645,106,287582,5,1.105,-0.978,-0.704,4,1.641,6,1.717,9,1.899,255,0,
1545234820759,114,287696,5,1.115,-0.990,-0.697,4,1.636,6,1.720,9,1.890,255,0,
1545234820887,128,287824,5,1.134,-1.009,-0.689,4,1.636,6,1.720,9,1.890,255,0,
1545234821009,122,287946,5,1.152,-1.023,-0.687,4,1.620,6,1.731,9,1.890,255,0,
1545234821115,106,288052,5,1.174,-1.042,-0.682,4,1.620,6,1.731,9,1.890,255,0,
1545234821232,117,288169,5,1.199,-1.070,-0.675,4,1.630,6,1.735,9,1.909,255,0,
1545234821354,122,288291,5,1.225,-1.107,-0.660,4,1.554,6,1.942,9,1.882,255,0,
1545234821468,114,288405,5,1.258,-1.153,-0.628,4,1.582,6,1.942,9,1.952,255,0,
1545234821587,119,288524,5,1.282,-1.188,-0.594,4,1.529,6,2.003,9,1.794,255,0,
1545234821720,133,288657,5,1.295,-1.218,-0.571,4,1.507,6,1.958,9,1.821,255,0,
1545234821826,106,288763,5,1.290,-1.243,-0.579,4,1.490,6,1.971,9,1.841,255,0,
1545234821942,116,288879,5,1.255,-1.264,-0.632,4,1.499,6,1.971,9,1.863,255,0,
1545234822061,119,288998,5,1.207,-1.271,-0.698,4,1.496,6,1.961,9,1.876,255,0,
1545234822180,119,289117,5,1.147,-1.268,-0.765,4,1.460,6,1.807,9,1.883,255,0,
1545234822296,116,289233,5,1.095,-1.262,-0.810,4,1.513,6,1.805,9,1.882,255,0,
1545234822413,117,289350,5,1.071,-1.264,-0.817,4,1.473,6,1.806,9,1.882,255,0,
1545234822660,247,289597,5,1.069,-1.274,-0.795,4,1.489,6,1.809,9,1.881,255,0,
1545234822772,112,289709,5,1.094,-1.294,-0.737,4,1.498,6,1.805,9,1.884,255,0,
1545234822885,113,289822,5,1.130,-1.313,-0.662,4,1.515,6,1.793,9,1.894,255,0,
1545234823007,122,289944,5,1.164,-1.327,-0.591,4,1.540,6,1.778,9,1.921,255,0,
1545234823116,109,290053,6,2.352,0.000,0.000,255,0,
1545234823116,0,290053,9,0.000,0.000,0.000,255,0,
1545234823116,0,290053,4,-0.107,-1.793,0.000,255,0,
1545234823137,21,290074,5,1.190,-1.336,-0.533,4,1.708,6,1.757,9,1.950,255,0,
1545234823251,114,290188,5,1.219,-1.346,-0.462,4,1.623,6,1.730,9,1.976,255,0,
1545234823365,114,290302,5,1.226,-1.346,-0.457,4,1.655,6,1.730,9,1.996,255,0,
1545234823477,112,290414,5,1.234,-1.340,-0.469,4,1.655,6,1.712,9,1.996,255,0,
1545234823598,121,290535,5,1.248,-1.330,-0.488,4,1.730,6,1.695,9,2.059,255,0,
1545234823715,117,290652,5,1.274,-1.315,-0.522,4,1.747,6,1.701,9,2.132,255,0,
1545234823840,125,290777,5,1.303,-1.306,-0.547,4,1.778,6,1.709,9,2.174,255,0,
1545234823964,124,290901,5,1.339,-1.305,-0.563,4,1.767,6,1.726,9,2.222,255,0,
1545234824079,115,291016,5,1.373,-1.310,-0.576,4,1.746,6,1.742,9,2.133,255,0,
1545234824193,114,291130,5,1.415,-1.325,-0.572,4,1.713,6,1.758,9,2.126,255,0,
1545234824309,116,291246,5,1.459,-1.350,-0.553,4,1.925,6,1.766,9,2.098,255,0,
1545234824429,120,291366,5,1.500,-1.387,-0.513,4,1.650,6,1.762,9,2.059,255,0,
1545234824541,112,291478,5,1.532,-1.421,-0.484,4,1.628,6,1.768,9,2.023,255,0,
1545234824674,133,291611,5,1.539,-1.427,-0.498,4,1.613,6,1.778,9,1.989,255,0,
1545234824787,113,291724,5,1.526,-1.412,-0.542,4,1.557,6,1.781,9,1.964,255,0,
1545234824900,113,291837,5,1.503,-1.384,-0.597,4,1.557,6,1.781,9,1.964,255,0,
1545234825023,123,291960,5,1.471,-1.361,-0.629,4,1.623,6,1.875,9,1.919,255,0,
1545234825134,111,292071,5,1.442,-1.358,-0.611,4,1.539,6,1.992,9,1.899,255,0,
1545234825250,116,292187,5,1.410,-1.363,-0.559,4,1.539,6,1.992,9,1.899,255,0,
1545234825374,124,292311,5,1.383,-1.366,-0.525,4,1.529,6,1.973,9,1.868,255,0,
1545234825490,116,292427,5,1.349,-1.359,-0.526,4,1.522,6,1.969,9,1.856,255,0,
1545234825606,116,292543,5,1.295,-1.339,-0.583,4,1.521,6,1.956,9,1.839,255,0,
1545234825726,120,292663,5,1.240,-1.323,-0.654,4,1.515,6,1.992,9,1.822,255,0,
1545234825841,115,292778,5,1.186,-1.310,-0.720,4,1.500,6,1.972,9,1.795,255,0,
1545234825961,120,292898,5,1.138,-1.299,-0.771,4,1.483,6,1.959,9,1.995,255,0,
1545234826080,119,293017,5,1.107,-1.285,-0.795,4,1.532,6,1.756,9,1.957,255,0,
1545234826207,127,293144,5,1.078,-1.268,-0.817,4,1.479,6,1.732,9,1.891,255,0,
1545234826315,108,293252,5,1.061,-1.263,-0.830,4,1.463,6,1.699,9,1.801,255,0,
1545234827515,1200,294452,5,1.060,-1.264,-0.830,4,1.535,6,1.711,9,1.420,255,0,
1545234827853,338,294790,5,1.103,-1.300,-0.732,4,1.513,6,1.495,9,1.423,255,0,
1545234827969,116,294906,5,1.154,-1.331,-0.616,4,1.756,6,1.526,9,1.408,255,0,
1545234828214,245,295151,5,1.197,-1.368,-0.514,4,1.688,6,1.544,9,1.454,255,0,
1545234828323,109,295260,5,1.219,-1.394,-0.451,4,1.577,6,1.528,9,1.436,255,0,
1545234828446,123,295383,5,1.160,-1.064,-0.428,4,1.565,6,1.550,9,1.449,255,0,
1545234828685,239,295622,5,1.138,-0.953,-0.438,4,1.571,6,1.553,9,1.442,255,0,
1545234833137,4452,300074,9,0.000,0.000,0.000,255,0,
1545234833137,0,300074,4,-0.107,-1.793,0.000,255,0,
1545234833137,0,300074,6,2.352,0.000,0.000,255,0,
1545234843157,10020,310094,9,0.000,0.000,0.000,255,0,
1545234843157,0,310094,4,-0.107,-1.793,0.000,255,0,
1545234843157,0,310094,6,2.352,0.000,0.000,255,0,
1545234853163,10006,320100,9,0.000,0.000,0.000,255,0,
1545234853163,0,320100,4,-0.107,-1.793,0.000,255,0,
1545234853163,0,320100,6,2.352,0.000,0.000,255,0,
1545234863172,10009,330109,9,0.000,0.000,0.000,255,0,
1545234863172,0,330109,4,-0.107,-1.793,0.000,255,0,
1545234863172,0,330109,6,2.352,0.000,0.000,255,0,
1545234873176,10004,340113,6,2.352,0.000,0.000,255,0,
1545234873176,0,340113,9,0.000,0.000,0.000,255,0,
1545234873176,0,340113,4,-0.107,-1.793,0.000,255,0,
1545234883177,10001,350114,6,2.352,0.000,0.000,255,0,
1545234883177,0,350114,9,0.000,0.000,0.000,255,0,
1545234883177,0,350114,4,-0.107,-1.793,0.000,255,0,
1545234886338,3161,353275,5,1.137,-0.949,-0.438,4,1.465,6,1.645,9,1.479,255,0,
1545234886575,237,353512,5,1.114,-0.831,-0.455,4,1.402,6,1.744,9,1.546,255,0,
1545234886690,115,353627,5,1.113,-0.821,-0.444,4,1.428,6,1.773,9,1.593,255,0,
1545234886804,114,353741,5,1.116,-0.811,-0.426,4,1.467,6,1.773,9,1.648,255,0,
1545234886931,127,353868,5,1.129,-0.763,-0.379,4,1.599,6,1.809,9,1.953,255,0,
1545234887051,120,353988,5,1.082,-1.010,-0.399,4,1.560,6,2.002,9,1.832,255,0,
1545234887164,113,354101,5,1.066,-0.980,-0.352,4,1.590,6,1.992,9,1.774,255,0,
1545234887271,107,354208,5,1.070,-1.019,-0.371,4,1.454,6,2.061,9,1.821,255,0,
1545234887395,124,354332,5,1.085,-1.072,-0.423,4,1.444,6,2.076,9,1.850,255,0,
1545234887508,113,354445,5,1.110,-1.133,-0.523,4,1.519,6,2.070,9,1.880,255,0,
1545234887631,123,354568,5,1.112,-1.171,-0.625,4,1.427,6,2.202,9,1.919,255,0,
1545234887746,115,354683,5,1.091,-1.194,-0.728,4,1.421,6,2.252,9,1.949,255,0,
1545234887865,119,354802,5,1.060,-1.212,-0.792,4,1.656,6,1.961,9,1.978,255,0,
1545234887981,116,354918,5,1.019,-1.243,-0.831,4,1.670,6,1.981,9,1.997,255,0,
1545234888118,137,355055,5,0.986,-1.286,-0.852,4,1.369,6,1.993,9,2.014,255,0,
1545234888222,104,355159,5,0.970,-1.321,-0.886,4,1.369,6,1.994,9,2.015,255,0,
1545234888340,118,355277,5,0.972,-1.340,-0.922,4,1.582,6,1.987,9,2.006,255,0,
1545234888465,125,355402,5,1.007,-1.354,-0.921,4,1.602,6,1.974,9,1.989,255,0,
1545234888573,108,355510,5,1.063,-1.375,-0.863,4,1.667,6,1.956,9,1.969,255,0,
1545234888696,123,355633,5,1.128,-1.420,-0.739,4,1.667,6,1.956,9,1.969,255,0,
1545234888808,112,355745,5,1.160,-1.453,-0.657,4,1.737,6,2.036,9,1.916,255,0,
1545234888930,122,355867,5,1.183,-1.472,-0.618,4,1.738,6,2.071,9,1.888,255,0,
1545234889058,128,355995,5,1.194,-1.451,-0.654,4,1.339,6,1.989,9,1.857,255,0,
1545234889163,105,356100,5,1.194,-1.391,-0.752,4,1.432,6,1.901,9,1.835,255,0,
1545234889293,130,356230,5,1.179,-1.313,-0.873,4,1.443,6,2.036,9,1.817,255,0,
1545234889400,107,356337,5,1.152,-1.254,-0.947,4,1.451,6,2.046,9,1.791,255,0,
1545234889530,130,356467,5,1.122,-1.226,-0.960,4,1.456,6,2.013,9,1.776,255,0,
1545234889643,113,356580,5,1.095,-1.243,-0.893,4,1.461,6,1.849,9,1.756,255,0,
1545234889754,111,356691,5,1.077,-1.270,-0.824,4,1.461,6,1.849,9,1.756,255,0,
1545234889873,119,356810,5,1.058,-1.298,-0.756,4,1.444,6,2.074,9,1.702,255,0,
1545234890227,354,357164,5,1.039,-1.302,-0.740,4,1.373,6,1.830,9,1.649,255,0,
1545234890348,121,357285,5,1.021,-1.281,-0.747,4,1.349,6,1.804,9,1.620,255,0,
1545234890464,116,357401,5,1.013,-1.259,-0.751,4,1.343,6,1.761,9,1.583,255,0,
1545234890601,137,357538,5,1.007,-1.242,-0.756,4,1.355,6,1.720,9,1.556,255,0,
1545234890835,234,357772,5,1.007,-1.230,-0.752,4,1.404,6,1.786,9,1.650,255,0,
1545234890948,113,357885,5,1.023,-1.203,-0.591,4,1.585,6,1.550,9,1.450,255,0,
1545234893182,2234,360119,9,0.000,0.000,0.000,255,0,
1545234893182,0,360119,4,-0.107,-1.793,0.000,255,0,
1545234893182,0,360119,6,2.352,0.000,0.000,255,0,
1545234903200,10018,370137,9,0.000,0.000,0.000,255,0,
1545234903200,0,370137,4,-0.107,-1.793,0.000,255,0,
1545234903200,0,370137,6,2.352,0.000,0.000,255,0,
1545234909615,6415,376552,5,1.024,-1.203,-0.586,4,1.452,6,1.649,9,1.697,255,0,
1545234909741,126,376678,5,1.036,-1.185,-0.449,4,1.475,6,1.693,9,1.477,255,0,
1545234909855,114,376792,5,1.045,-1.166,-0.401,4,1.486,6,1.731,9,1.529,255,0,
1545234909985,130,376922,5,1.061,-1.142,-0.327,4,1.509,6,1.789,9,1.567,255,0,
1545234910085,100,377022,5,1.071,-1.141,-0.290,4,1.511,6,1.843,9,1.585,255,0,
1545234910211,126,377148,5,1.081,-1.034,-0.385,4,1.500,6,1.893,9,1.589,255,0,
1545234910340,129,377277,5,1.092,-1.029,-0.357,4,1.471,6,1.935,9,1.561,255,0,
1545234910443,103,377380,5,1.086,-1.020,-0.380,4,1.459,6,1.998,9,1.551,255,0,
1545234910557,114,377494,5,1.063,-1.015,-0.461,4,1.459,6,1.998,9,1.551,255,0,
1545234910680,123,377617,5,1.040,-1.013,-0.538,4,1.393,6,2.074,9,1.509,255,0,
1545234910792,112,377729,5,1.010,-1.016,-0.622,4,1.363,6,2.077,9,1.491,255,0,
1545234910931,139,377868,5,0.967,-1.021,-0.693,4,1.331,6,2.098,9,1.476,255,0,
1545234911037,106,377974,5,0.921,-1.024,-0.739,4,1.291,6,2.121,9,1.470,255,0,
1545234911145,108,378082,5,0.873,-1.026,-0.772,4,1.262,6,2.143,9,1.467,255,0,
1545234911270,125,378207,5,0.825,-1.027,-0.792,4,1.245,6,2.157,9,1.467,255,0,
1545234911383,113,378320,5,0.787,-1.031,-0.795,4,1.233,6,2.168,9,1.467,255,0,
1545234911512,129,378449,5,0.748,-1.041,-0.782,4,1.219,6,2.173,9,1.465,255,0,
1545234911621,109,378558,5,0.721,-1.052,-0.766,4,1.204,6,2.172,9,1.462,255,0,
1545234911743,122,378680,5,0.698,-1.066,-0.751,4,1.198,6,2.172,9,1.460,255,0,
1545234911863,120,378800,5,0.675,-1.080,-0.737,4,1.190,6,2.172,9,1.466,255,0,
1545234911975,112,378912,5,0.658,-1.093,-0.726,4,1.177,6,2.169,9,1.471,255,0,
1545234912115,140,379052,5,0.644,-1.104,-0.716,4,1.178,6,2.157,9,1.486,255,0,
1545234912212,97,379149,5,0.635,-1.112,-0.707,4,1.182,6,2.129,9,1.513,255,0,
1545234912339,127,379276,5,0.628,-1.120,-0.696,4,1.200,6,2.102,9,1.532,255,0,
1545234912448,109,379385,5,0.624,-1.127,-0.686,4,1.222,6,2.064,9,1.553,255,0,
1545234912567,119,379504,5,0.624,-1.135,-0.675,4,1.251,6,2.035,9,1.591,255,0,
1545234912683,116,379620,5,0.633,-1.148,-0.661,4,1.278,6,2.000,9,1.634,255,0,
1545234912804,121,379741,5,0.646,-1.158,-0.650,4,1.313,6,1.965,9,1.680,255,0,
1545234912920,116,379857,5,0.675,-1.172,-0.634,4,1.341,6,1.965,9,1.729,255,0,
1545234913049,129,379986,5,0.707,-1.183,-0.622,4,1.386,6,1.952,9,1.776,255,0,
1545234913159,110,380096,5,0.752,-1.196,-0.606,4,1.429,6,2.119,9,1.813,255,0,
1545234913217,58,380154,6,2.352,0.000,0.000,255,0,
1545234913217,0,380154,9,0.000,0.000,0.000,255,0,
1545234913217,0,380154,4,-0.107,-1.793,0.000,255,0,
1545234913275,58,380212,5,0.808,-1.211,-0.582,4,1.429,6,2.119,9,1.813,255,0,
1545234913395,120,380332,5,0.861,-1.230,-0.570,4,1.508,6,2.057,9,1.884,255,0,
1545234913510,115,380447,5,0.908,-1.249,-0.566,4,1.553,6,1.999,9,1.914,255,0,
1545234913746,236,380683,5,0.956,-1.271,-0.576,4,1.683,6,1.992,9,1.982,255,0,
1545234913868,122,380805,5,0.986,-1.288,-0.610,4,1.730,6,1.861,9,2.012,255,0,
1545234913990,122,380927,5,1.013,-1.302,-0.650,4,1.765,6,1.725,9,2.035,255,0,
1545234914110,120,381047,5,1.029,-1.311,-0.700,4,1.760,6,1.732,9,2.058,255,0,
1545234914228,118,381165,5,1.041,-1.312,-0.752,4,1.753,6,1.734,9,2.071,255,0,
1545234914336,108,381273,5,1.103,-1.299,-0.839,4,1.777,6,1.740,9,2.092,255,0,
1545234914470,134,381407,5,1.162,-1.289,-0.856,4,1.796,6,1.744,9,2.098,255,0,
1545234914576,106,381513,5,1.242,-1.283,-0.832,4,1.798,6,1.750,9,2.106,255,0,
1545234914692,116,381629,5,1.321,-1.285,-0.783,4,1.798,6,1.750,9,2.106,255,0,
1545234914815,123,381752,5,1.383,-1.297,-0.729,4,1.810,6,1.754,9,2.087,255,0,
1545234914928,113,381865,5,1.420,-1.309,-0.700,4,1.810,6,1.754,9,2.087,255,0,
1545234915057,129,381994,5,1.445,-1.313,-0.703,4,1.700,6,1.755,9,2.021,255,0,
1545234915166,109,382103,5,1.458,-1.309,-0.724,4,1.636,6,1.980,9,1.965,255,0,
1545234915286,120,382223,5,1.469,-1.301,-0.745,4,1.567,6,1.929,9,1.902,255,0,
1545234915400,114,382337,5,1.475,-1.294,-0.755,4,1.504,6,2.033,9,1.837,255,0,
1545234915522,122,382459,5,1.466,-1.296,-0.748,4,1.436,6,2.043,9,1.787,255,0,
1545234915646,124,382583,5,1.431,-1.302,-0.739,4,1.385,6,1.965,9,1.725,255,0,
1545234923222,7576,390159,6,2.352,0.000,0.000,255,0,
1545234923222,0,390159,9,0.000,0.000,0.000,255,0,
1545234923222,0,390159,4,-0.107,-1.793,0.000,255,0,
1545234990105,66883,457042,6,2.352,0.000,0.000,255,0,
1545234990105,0,457042,5,1.427,-1.302,-0.739,4,1.446,6,1.551,9,1.487,255,0,
1545234990105,0,457042,9,0.000,0.000,0.000,255,0,
1545234990105,0,457042,4,-0.107,-1.793,0.000,255,0,
1545234995777,5672,462714,5,1.423,-1.303,-0.739,4,1.498,6,1.635,9,1.572,255,0,
1545234995897,120,462834,5,1.244,-1.299,-0.777,4,1.533,6,1.650,9,1.618,255,0,
1545234996021,124,462958,5,1.242,-1.302,-0.776,4,1.574,6,1.665,9,1.692,255,0,
1545234996132,111,463069,5,1.240,-1.305,-0.774,4,1.606,6,1.697,9,1.845,255,0,
1545234996275,143,463212,5,1.160,-1.101,-0.458,4,1.634,6,1.685,9,1.672,255,0,
1545234996369,94,463306,5,1.174,-1.067,-0.465,4,1.653,6,1.941,9,1.947,255,0,
1545234996499,130,463436,5,1.175,-1.062,-0.455,4,1.665,6,2.012,9,1.764,255,0,
1545234996608,109,463545,5,1.191,-1.071,-0.457,4,1.671,6,2.026,9,1.770,255,0,
1545234996724,116,463661,5,1.211,-1.091,-0.479,4,1.671,6,2.026,9,1.770,255,0,
1545234996841,117,463778,5,1.211,-1.108,-0.551,4,1.661,6,1.905,9,1.767,255,0,
1545234996962,121,463899,5,1.187,-1.121,-0.651,4,1.653,6,1.912,9,1.758,255,0,
1545234997079,117,464016,5,1.135,-1.119,-0.782,4,1.640,6,1.983,9,1.755,255,0,
1545234997196,117,464133,5,1.092,-1.106,-0.871,4,1.634,6,1.796,9,1.744,255,0,
1545234997316,120,464253,5,1.063,-1.088,-0.928,4,1.630,6,1.798,9,1.739,255,0,
1545234997441,125,464378,5,1.050,-1.074,-0.946,4,1.628,6,1.784,9,1.740,255,0,
1545234997561,120,464498,5,1.049,-1.067,-0.943,4,1.628,6,1.778,9,1.738,255,0,
1545234997667,106,464604,5,1.051,-1.066,-0.928,4,1.630,6,1.785,9,1.734,255,0,
1545234997788,121,464725,5,1.062,-1.067,-0.899,4,1.626,6,1.781,9,1.723,255,0,
1545234997921,133,464858,5,1.083,-1.069,-0.858,4,1.620,6,1.777,9,1.720,255,0,
1545234998032,111,464969,5,1.107,-1.070,-0.816,4,1.609,6,1.804,9,1.709,255,0,
1545234998146,114,465083,5,1.126,-1.070,-0.783,4,1.604,6,1.804,9,1.695,255,0,
1545234998262,116,465199,5,1.137,-1.069,-0.765,4,1.592,6,1.857,9,1.902,255,0,
1545234998383,121,465320,5,1.136,-1.060,-0.756,4,1.573,6,1.925,9,1.927,255,0,
1545234998498,115,465435,5,1.127,-1.047,-0.754,4,1.558,6,1.946,9,1.781,255,0,
1545234998614,116,465551,5,1.124,-1.050,-0.753,4,1.534,6,1.853,9,1.663,255,0,
1545234998732,118,465669,5,1.126,-1.076,-0.758,4,1.509,6,1.875,9,1.560,255,0,
1545234998852,120,465789,5,1.136,-1.124,-0.764,4,1.481,6,1.898,9,1.539,255,0,
1545234998978,126,465915,5,1.145,-1.180,-0.771,4,1.460,6,1.924,9,1.532,255,0,
1545234999089,111,466026,5,1.133,-1.197,-0.777,4,1.460,6,1.924,9,1.532,255,0,
1545234999216,127,466153,5,1.100,-1.175,-0.774,4,1.404,6,1.970,9,1.501,255,0,
1545234999346,130,466283,5,1.055,-1.129,-0.766,4,1.373,6,1.990,9,1.485,255,0,
1545234999453,107,466390,5,1.003,-1.075,-0.753,4,1.341,6,2.006,9,1.479,255,0,
1545234999564,111,466501,5,0.953,-1.035,-0.741,4,1.351,6,2.008,9,1.472,255,0,
1545234999678,114,466615,5,0.918,-1.020,-0.734,4,1.351,6,2.008,9,1.472,255,0,
1545234999806,128,466743,5,0.881,-1.018,-0.726,4,1.342,6,1.992,9,1.478,255,0,
1545234999915,109,466852,5,0.847,-1.023,-0.715,4,1.340,6,1.974,9,1.481,255,0,
1545235000040,125,466977,5,0.822,-1.031,-0.706,4,1.342,6,1.942,9,1.481,255,0,
1545235000116,76,467053,6,2.352,0.000,0.000,255,0,
1545235000116,0,467053,9,0.000,0.000,0.000,255,0,
1545235000116,0,467053,4,-0.107,-1.793,0.000,255,0,
1545235000149,33,467086,5,0.802,-1.037,-0.698,4,1.375,6,1.891,9,1.471,255,0,
1545235000272,123,467209,5,0.790,-1.043,-0.691,4,1.332,6,1.843,9,1.456,255,0,
1545235000397,125,467334,5,0.785,-1.048,-0.684,4,1.342,6,1.781,9,1.467,255,0,
1545235000504,107,467441,5,0.791,-1.050,-0.676,4,1.361,6,1.717,9,1.445,255,0,
1545235000742,238,467679,5,0.804,-1.052,-0.661,4,1.431,6,1.671,9,1.493,255,0,
1545235010118,9376,477055,6,2.352,0.000,0.000,255,0,
1545235010118,0,477055,9,0.000,0.000,0.000,255,0,
1545235010118,0,477055,4,-0.107,-1.793,0.000,255,0,
1545235019913,9795,486850,5,0.805,-1.052,-0.659,4,1.601,6,1.414,9,1.607,255,0,
1545235020040,127,486977,5,0.857,-1.048,-0.561,4,1.733,6,1.764,9,1.712,255,0,
1545235020120,80,487057,9,0.000,0.000,0.000,255,0,
1545235020120,0,487057,4,-0.107,-1.793,0.000,255,0,
1545235020120,0,487057,6,2.352,0.000,0.000,255,0,
1545235020166,46,487103,5,0.886,-1.046,-0.501,4,1.831,6,1.437,9,1.766,255,0,
1545235020263,97,487200,5,0.901,-1.046,-0.442,4,1.924,6,1.208,9,1.894,255,0,
1545235020380,117,487317,5,0.845,-1.063,-0.331,4,2.010,6,1.118,9,1.909,255,0,
1545235020620,240,487557,5,1.243,-0.971,-0.414,4,2.160,6,1.460,9,2.198,255,0,
1545235021693,1073,488630,5,1.244,-0.971,-0.415,4,1.700,6,1.656,9,2.035,255,0,
1545235022042,349,488979,5,1.291,-0.958,-0.439,4,1.462,6,1.845,9,2.023,255,0,
1545235022509,467,489446,5,1.354,-0.951,-0.430,4,1.445,6,1.805,9,1.959,255,0,
1545235022749,240,489686,5,1.427,-0.943,-0.418,4,1.529,6,1.887,9,1.857,255,0,
1545235022869,120,489806,5,1.520,-0.945,-0.406,4,1.586,6,1.622,9,1.878,255,0,
1545235024413,1544,491350,5,1.640,-1.061,-0.388,4,1.494,6,1.883,9,2.007,255,0,
1545235024636,223,491573,5,1.573,-1.148,-0.374,4,1.470,6,1.836,9,1.847,255,0,
1545235024873,237,491810,5,1.504,-1.198,-0.378,4,1.513,6,1.813,9,1.691,255,0,
1545235025004,131,491941,5,1.407,-1.299,-0.338,4,1.512,6,1.745,9,1.618,255,0,
1545235030121,5117,497058,6,2.352,0.000,0.000,255,0,
1545235030121,0,497058,9,0.000,0.000,0.000,255,0,
1545235030121,0,497058,4,-0.107,-1.793,0.000,255,0,
1545235033617,3496,500554,5,1.403,-1.303,-0.336,4,1.518,6,1.625,9,1.620,255,0,
1545235033729,112,500666,5,1.339,-1.315,-0.354,4,1.535,6,1.660,9,1.603,255,0,
1545235033853,124,500790,5,1.283,-1.301,-0.415,4,1.574,6,1.911,9,1.831,255,0,
1545235033964,111,500901,5,1.223,-1.284,-0.475,4,1.601,6,1.706,9,1.676,255,0,
1545235034086,122,501023,5,1.202,-1.281,-0.482,4,1.601,6,1.706,9,1.676,255,0,
1545235034216,130,501153,5,1.134,-1.095,-0.558,4,1.633,6,1.738,9,2.033,255,0,
1545235034323,107,501260,5,1.124,-1.078,-0.550,4,1.638,6,2.010,9,1.756,255,0,
1545235034448,125,501385,5,1.128,-1.075,-0.559,4,1.634,6,1.996,9,1.754,255,0,
1545235034559,111,501496,5,1.148,-1.087,-0.576,4,1.623,6,1.780,9,1.722,255,0,
1545235034674,115,501611,5,1.168,-1.105,-0.607,4,1.611,6,1.780,9,1.710,255,0,
1545235034802,128,501739,5,1.182,-1.136,-0.646,4,1.598,6,1.802,9,1.676,255,0,
1545235034917,115,501854,5,1.166,-1.146,-0.700,4,1.585,6,1.803,9,1.652,255,0,
1545235035039,122,501976,5,1.131,-1.137,-0.769,4,1.568,6,1.805,9,1.623,255,0,
1545235035157,118,502094,5,1.104,-1.114,-0.809,4,1.568,6,1.805,9,1.623,255,0,
1545235035271,114,502208,5,1.092,-1.086,-0.814,4,1.509,6,2.045,9,1.605,255,0,
1545235035383,112,502320,5,1.097,-1.061,-0.784,4,1.475,6,1.794,9,1.663,255,0,
1545235035505,122,502442,5,1.093,-1.044,-0.762,4,1.433,6,1.787,9,1.582,255,0,
1545235035621,116,502558,5,1.070,-1.029,-0.757,4,1.411,6,1.770,9,1.565,255,0,
1545235035741,120,502678,5,1.044,-1.027,-0.758,4,1.383,6,1.752,9,1.543,255,0,
1545235035868,127,502805,5,1.013,-1.035,-0.759,4,1.367,6,1.702,9,1.521,255,0,
1545235035985,117,502922,5,1.001,-1.051,-0.737,4,1.425,6,1.665,9,1.483,255,0,
1545235036106,121,503043,5,1.002,-1.072,-0.677,4,1.453,6,1.609,9,1.502,255,0,
1545235036214,108,503151,5,1.011,-1.087,-0.592,4,1.453,6,1.609,9,1.502,255,0,
1545235040122,3908,507059,9,0.000,0.000,0.000,255,0,
1545235040122,0,507059,4,-0.107,-1.793,0.000,255,0,
1545235040122,0,507059,6,2.352,0.000,0.000,255,0,
1545235050133,10011,517070,9,0.000,0.000,0.000,255,0,
1545235050133,0,517070,4,-0.107,-1.793,0.000,255,0,
1545235050133,0,517070,6,2.352,0.000,0.000,255,0,
1545235060135,10002,527072,9,0.000,0.000,0.000,255,0,
1545235060135,0,527072,4,-0.107,-1.793,0.000,255,0,
1545235060135,0,527072,6,2.352,0.000,0.000,255,0,
1545235070155,10020,537092,6,2.352,0.000,0.000,255,0,
1545235070155,0,537092,9,0.000,0.000,0.000,255,0,
1545235070155,0,537092,4,-0.107,-1.793,0.000,255,0,
1545235071317,1162,538254,5,1.011,-1.087,-0.585,4,1.479,6,1.597,9,1.438,255,0,
1545235072261,944,539198,5,1.025,-1.101,-0.445,4,1.689,6,1.491,9,1.427,255,0,
1545235072384,123,539321,5,1.039,-1.074,-0.370,4,1.697,6,1.499,9,1.433,255,0,
1545235072517,133,539454,5,1.040,-1.077,-0.353,4,1.403,6,1.692,9,1.437,255,0,
1545235072854,337,539791,5,1.039,-1.083,-0.342,4,1.490,6,1.492,9,1.464,255,0,
1545235072987,133,539924,5,1.090,-0.855,-0.374,4,1.450,6,1.732,9,1.432,255,0,
1545235073088,101,540025,5,1.078,-0.844,-0.403,4,1.450,6,1.732,9,1.432,255,0,
1545235073445,357,540382,5,1.089,-0.830,-0.398,4,1.453,6,1.725,9,1.435,255,0,
1545235073569,124,540506,5,1.084,-0.830,-0.403,4,1.481,6,1.742,9,1.431,255,0,
1545235074509,940,541446,5,1.051,-0.849,-0.441,4,1.440,6,1.654,9,1.419,255,0,
1545235074865,356,541802,5,1.025,-0.870,-0.465,4,1.484,6,1.589,9,1.436,255,0,
1545235074979,114,541916,5,1.012,-0.881,-0.478,4,1.700,6,1.724,9,1.427,255,0,
1545235075340,361,542277,5,1.012,-0.870,-0.490,4,1.487,6,1.580,9,1.463,255,0,
1545235075572,232,542509,5,1.009,-0.866,-0.500,4,1.457,6,1.708,9,1.426,255,0,
1545235075694,122,542631,5,1.028,-0.837,-0.485,4,1.726,6,1.479,9,1.419,255,0,
1545235075809,115,542746,5,1.036,-0.831,-0.473,4,1.726,6,1.479,9,1.419,255,0,
1545235075929,120,542866,5,1.038,-0.823,-0.475,4,1.380,6,1.670,9,1.420,255,0,
1545235076398,469,543335,5,1.049,-0.822,-0.459,4,1.446,6,1.634,9,1.442,255,0,
1545235076523,125,543460,5,1.055,-0.829,-0.433,4,1.482,6,1.613,9,1.422,255,0,
1545235076758,235,543695,5,1.062,-0.824,-0.422,4,1.469,6,1.705,9,1.435,255,0,
1545235076889,131,543826,5,1.071,-0.815,-0.406,4,1.615,6,1.722,9,1.653,255,0,
1545235076999,110,543936,5,1.073,-0.813,-0.371,4,1.477,6,1.684,9,1.466,255,0,
1545235077117,118,544054,5,1.062,-0.871,-0.360,4,1.479,6,1.640,9,1.438,255,0,
1545235078415,1298,545352,5,1.061,-0.875,-0.360,4,1.469,6,1.662,9,1.442,255,0,
1545235079475,1060,546412,5,1.050,-0.917,-0.343,4,1.508,6,1.774,9,1.422,255,0,
1545235079590,115,546527,5,1.050,-0.937,-0.389,4,1.503,6,1.633,9,1.413,255,0,
1545235080180,590,547117,9,0.000,0.000,0.000,255,0,
1545235080180,0,547117,4,-0.107,-1.793,0.000,255,0,
1545235080180,0,547117,6,2.352,0.000,0.000,255,0,
1545235080538,358,547475,5,1.051,-0.939,-0.395,4,1.948,6,1.347,9,1.477,255,0,
1545235082197,1659,549134,5,1.053,-0.942,-0.402,4,2.964,6,1.317,9,1.834,255,0,
1545235083382,1185,550319,5,1.063,-0.878,-0.440,4,2.026,6,1.473,9,2.109,255,0,
1545235083493,111,550430,5,1.105,-0.791,-0.479,4,2.043,6,1.453,9,2.115,255,0,
1545235083615,122,550552,5,1.098,-0.780,-0.481,4,2.027,6,1.469,9,2.079,255,0,
1545235083739,124,550676,5,1.181,-0.722,-0.530,4,2.011,6,1.413,9,2.015,255,0,
1545235083853,114,550790,5,1.365,-0.693,-0.621,4,1.990,6,1.506,9,2.196,255,0,
1545235083962,109,550899,5,1.535,-0.781,-0.678,4,1.945,6,1.454,9,2.008,255,0,
1545235084084,122,551021,5,1.566,-0.761,-0.702,4,1.907,6,1.454,9,1.963,255,0,
1545235084198,114,551135,5,1.609,-0.840,-0.721,4,1.863,6,1.493,9,1.878,255,0,
1545235084325,127,551262,5,1.641,-0.976,-0.704,4,1.811,6,1.569,9,1.830,255,0,
1545235084440,115,551377,5,1.656,-1.051,-0.664,4,1.789,6,1.453,9,1.793,255,0,
1545235084554,114,551491,5,1.653,-1.082,-0.623,4,1.789,6,1.453,9,1.793,255,0,
1545235084678,124,551615,5,1.627,-1.089,-0.584,4,1.734,6,1.574,9,1.673,255,0,
1545235084791,113,551728,5,1.582,-1.073,-0.567,4,1.701,6,1.424,9,1.644,255,0,
1545235084915,124,551852,5,1.524,-1.042,-0.577,4,1.675,6,1.755,9,1.629,255,0,
1545235085028,113,551965,5,1.475,-1.008,-0.575,4,1.639,6,1.473,9,1.612,255,0,
1545235085150,122,552087,5,1.435,-0.974,-0.572,4,1.603,6,1.515,9,1.617,255,0,
1545235085264,114,552201,5,1.381,-0.940,-0.571,4,1.565,6,2.058,9,1.615,255,0,
1545235085509,245,552446,5,1.345,-0.924,-0.542,4,1.638,6,1.604,9,1.787,255,0,
1545235085745,236,552682,5,1.289,-0.920,-0.524,4,1.454,6,1.798,9,1.855,255,0,
1545235085976,231,552913,5,1.237,-0.925,-0.518,4,1.726,6,1.681,9,1.841,255,0,
1545235086337,361,553274,5,1.202,-0.941,-0.510,4,1.369,6,1.767,9,1.689,255,0,
1545235086445,108,553382,5,1.177,-0.967,-0.523,4,1.344,6,1.780,9,1.553,255,0,
1545235086570,125,553507,5,1.163,-1.031,-0.564,4,1.341,6,1.814,9,1.538,255,0,
1545235086693,123,553630,5,1.179,-1.100,-0.583,4,1.314,6,1.828,9,1.512,255,0,
1545235086806,113,553743,5,1.221,-1.153,-0.580,4,1.293,6,2.028,9,1.492,255,0,
1545235086929,123,553866,5,1.139,-1.156,-0.491,4,1.272,6,1.860,9,1.478,255,0,
1545235087040,111,553977,5,1.123,-1.159,-0.449,4,1.256,6,1.874,9,1.443,255,0,
1545235087169,129,554106,5,1.077,-1.151,-0.412,4,1.225,6,1.938,9,1.430,255,0,
1545235087280,111,554217,5,1.016,-1.137,-0.407,4,1.246,6,1.915,9,1.396,255,0,
1545235087400,120,554337,5,0.955,-1.124,-0.428,4,1.220,6,1.915,9,1.356,255,0,
1545235087511,111,554448,5,0.913,-1.115,-0.439,4,1.300,6,1.951,9,1.310,255,0,
1545235087632,121,554569,5,0.888,-1.112,-0.429,4,1.300,6,1.951,9,1.310,255,0,
1545235087760,128,554697,5,0.858,-1.094,-0.415,4,1.342,6,2.003,9,1.241,255,0,
1545235087868,108,554805,5,0.838,-1.083,-0.406,4,1.356,6,1.990,9,1.200,255,0,
1545235087988,120,554925,5,0.821,-1.081,-0.407,4,1.151,6,2.010,9,1.165,255,0,
1545235088115,127,555052,5,0.807,-1.077,-0.430,4,1.108,6,2.039,9,1.141,255,0,
1545235088224,109,555161,5,0.796,-1.074,-0.466,4,1.093,6,2.008,9,1.106,255,0,
1545235088339,115,555276,5,0.769,-1.045,-0.509,4,1.066,6,2.083,9,1.085,255,0,
1545235088459,120,555396,5,0.733,-1.003,-0.522,4,1.052,6,2.246,9,1.102,255,0,
1545235088595,136,555532,5,0.692,-0.961,-0.475,4,1.041,6,2.235,9,1.038,255,0,
1545235088695,100,555632,5,0.649,-0.937,-0.387,4,1.032,6,2.396,9,1.081,255,0,
1545235088933,238,555870,5,0.617,-0.935,-0.294,4,1.002,6,0.000,9,1.077,255,0,
1545235089046,113,555983,5,0.566,-0.941,-0.241,4,0.958,6,2.388,9,1.061,255,0,
1545235089164,118,556101,5,0.506,-0.942,-0.247,4,0.928,6,2.383,9,1.068,255,0,
1545235089288,124,556225,5,0.440,-0.935,-0.298,4,0.893,6,2.369,9,1.082,255,0,
1545235089636,348,556573,5,0.385,-0.924,-0.360,4,0.866,6,2.232,9,1.164,255,0,
1545235089757,121,556694,5,0.290,-0.913,-0.446,4,0.822,6,2.358,9,1.273,255,0,
1545235089880,123,556817,5,0.255,-0.916,-0.455,4,0.811,6,2.345,9,1.243,255,0,
1545235089993,113,556930,5,0.234,-0.924,-0.440,4,0.810,6,2.345,9,1.272,255,0,
1545235090110,117,557047,5,0.225,-0.941,-0.403,4,0.807,6,2.453,9,1.318,255,0,
1545235090193,83,557130,6,2.352,0.000,0.000,255,0,
1545235090193,0,557130,9,0.000,0.000,0.000,255,0,
1545235090193,0,557130,4,-0.107,-1.793,0.000,255,0,
1545235090238,45,557175,5,0.267,-1.038,-0.341,4,0.816,6,2.419,9,1.356,255,0,
1545235090352,114,557289,5,0.291,-1.077,-0.302,4,0.827,6,2.291,9,1.392,255,0,
1545235090465,113,557402,5,0.308,-1.115,-0.285,4,0.827,6,2.291,9,1.392,255,0,
1545235090590,125,557527,5,0.312,-1.147,-0.293,4,0.866,6,2.267,9,1.686,255,0,
1545235090700,110,557637,5,0.304,-1.169,-0.324,4,1.083,6,2.402,9,1.396,255,0,
1545235091655,955,558592,5,0.304,-1.176,-0.334,4,1.490,6,1.965,9,2.126,255,0,
1545235091886,231,558823,5,0.364,-1.229,-0.348,4,1.587,6,1.699,9,2.167,255,0,
1545235092006,120,558943,5,0.402,-1.255,-0.354,4,1.701,6,1.669,9,2.019,255,0,
1545235092118,112,559055,5,0.414,-1.286,-0.353,4,2.200,6,1.458,9,2.137,255,0,
1545235092241,123,559178,5,0.379,-1.316,-0.346,4,2.257,6,1.511,9,2.257,255,0,
1545235092357,116,559294,5,0.977,-1.304,-0.497,4,2.397,6,1.501,9,2.272,255,0,
1545235092478,121,559415,5,1.073,-1.375,-0.470,4,2.459,6,1.520,9,2.331,255,0,
1545235092717,239,559654,5,1.232,-1.343,-0.510,4,2.286,6,1.313,9,2.384,255,0,
1545235092840,123,559777,5,1.401,-1.246,-0.621,4,2.320,6,1.306,9,2.367,255,0,
1545235092970,130,559907,5,1.558,-1.114,-0.779,4,2.280,6,1.422,9,2.363,255,0,
1545235093069,99,560006,5,1.654,-1.024,-0.886,4,2.218,6,1.669,9,2.283,255,0,
1545235093193,124,560130,5,1.739,-0.963,-0.946,4,2.164,6,1.378,9,2.212,255,0,
1545235093305,112,560242,5,1.871,-0.968,-0.900,4,2.164,6,1.378,9,2.212,255,0,
1545235093433,128,560370,5,1.918,-1.008,-0.841,4,2.054,6,1.756,9,2.057,255,0,
1545235093540,107,560477,5,1.936,-1.056,-0.788,4,1.986,6,1.687,9,1.979,255,0,
1545235093668,128,560605,5,1.922,-1.078,-0.780,4,1.938,6,1.811,9,1.875,255,0,
1545235093774,106,560711,5,1.868,-1.085,-0.796,4,1.876,6,1.698,9,1.796,255,0,
1545235093897,123,560834,5,1.801,-1.076,-0.821,4,1.815,6,1.564,9,1.690,255,0,
1545235094010,113,560947,5,1.687,-1.051,-0.883,4,1.757,6,1.583,9,1.598,255,0,
1545235094130,120,561067,5,1.578,-1.022,-0.943,4,1.769,6,1.642,9,1.506,255,0,
1545235094258,128,561195,5,1.462,-0.988,-0.989,4,1.722,6,1.604,9,1.436,255,0,
1545235094368,110,561305,5,1.375,-0.954,-0.986,4,1.710,6,1.609,9,1.373,255,0,
1545235094495,127,561432,5,1.309,-0.917,-0.933,4,1.697,6,1.728,9,1.329,255,0,
1545235094610,115,561547,5,1.258,-0.876,-0.855,4,1.682,6,1.736,9,1.304,255,0,
1545235094725,115,561662,5,1.210,-0.830,-0.781,4,1.675,6,1.702,9,1.278,255,0,
1545235094838,113,561775,5,1.156,-0.783,-0.728,4,1.675,6,1.702,9,1.278,255,0,
1545235094964,126,561901,5,1.105,-0.747,-0.691,4,1.681,6,1.977,9,1.269,255,0,
1545235095090,126,562027,5,1.046,-0.707,-0.668,4,1.632,6,1.790,9,1.280,255,0,
1545235095192,102,562129,5,0.988,-0.667,-0.674,4,1.636,6,1.804,9,1.392,255,0,
1545235095320,128,562257,5,0.932,-0.628,-0.697,4,1.629,6,1.735,9,1.399,255,0,
1545235095444,124,562381,5,0.876,-0.591,-0.736,4,1.634,6,1.803,9,1.467,255,0,
1545235095561,117,562498,5,0.823,-0.572,-0.775,4,1.673,6,1.811,9,1.425,255,0,
1545235095666,105,562603,5,0.807,-0.592,-0.783,4,1.620,6,1.790,9,1.404,255,0,
1545235095791,125,562728,5,0.820,-0.629,-0.775,4,1.688,6,2.042,9,1.477,255,0,
1545235096149,358,563086,5,0.861,-0.682,-0.750,4,1.757,6,1.929,9,1.563,255,0,
1545235096256,107,563193,5,0.892,-0.726,-0.746,4,1.757,6,1.929,9,1.563,255,0,
1545235096378,122,563315,5,0.904,-0.748,-0.757,4,1.763,6,2.067,9,1.589,255,0,
1545235096494,116,563431,5,0.902,-0.756,-0.769,4,1.827,6,2.064,9,1.602,255,0,
1545235096619,125,563556,5,0.885,-0.760,-0.796,4,1.811,6,1.861,9,1.601,255,0,
1545235096730,111,563667,5,0.876,-0.768,-0.917,4,1.833,6,2.020,9,1.619,255,0,
1545235096854,124,563791,5,0.866,-0.774,-0.969,4,1.816,6,1.724,9,1.630,255,0,
1545235096967,113,563904,5,0.863,-0.779,-1.023,4,1.787,6,1.611,9,1.633,255,0,
1545235097084,117,564021,5,0.863,-0.775,-1.068,4,1.816,6,1.611,9,1.603,255,0,
1545235097215,131,564152,5,0.876,-0.768,-1.087,4,1.837,6,1.835,9,1.580,255,0,
1545235097321,106,564258,5,0.908,-0.766,-1.073,4,1.831,6,1.648,9,1.560,255,0,
1545235097442,121,564379,5,0.967,-0.772,-1.023,4,1.861,6,1.680,9,1.528,255,0,
1545235097565,123,564502,5,1.024,-0.781,-0.963,4,2.081,6,1.496,9,1.505,255,0,
1545235097681,116,564618,5,1.070,-0.790,-0.908,4,2.081,6,1.496,9,1.505,255,0,
1545235097797,116,564734,5,1.090,-0.776,-0.883,4,1.807,6,1.721,9,1.443,255,0,
1545235097913,116,564850,5,1.096,-0.742,-0.877,4,1.783,6,1.577,9,1.453,255,0,
1545235098040,127,564977,5,1.096,-0.690,-0.878,4,1.777,6,1.628,9,1.406,255,0,
1545235098164,124,565101,5,1.099,-0.633,-0.870,4,1.785,6,1.844,9,1.435,255,0,
1545235098266,102,565203,5,1.102,-0.603,-0.844,4,1.763,6,1.719,9,1.488,255,0,
1545235098383,117,565320,5,1.091,-0.595,-0.813,4,2.022,6,1.469,9,1.462,255,0,
1545235098508,125,565445,5,1.066,-0.614,-0.787,4,1.818,6,1.437,9,1.493,255,0,
1545235098619,111,565556,5,1.034,-0.635,-0.783,4,1.751,6,1.587,9,1.537,255,0,
1545235098740,121,565677,5,1.008,-0.635,-0.797,4,2.089,6,1.397,9,1.596,255,0,
1545235098873,133,565810,5,1.006,-0.633,-0.799,4,1.915,6,1.371,9,1.648,255,0,
1545235098983,110,565920,5,1.030,-0.621,-0.786,4,2.022,6,1.397,9,1.688,255,0,
1545235099212,229,566149,5,1.076,-0.614,-0.750,4,0.000,6,1.322,9,1.834,255,0,
1545235099339,127,566276,5,1.126,-0.613,-0.726,4,1.923,6,1.689,9,1.843,255,0,
1545235099462,123,566399,5,1.184,-0.610,-0.705,4,1.921,6,1.557,9,1.894,255,0,
1545235099683,221,566620,5,1.245,-0.622,-0.679,4,1.832,6,1.724,9,1.871,255,0,
1545235099805,122,566742,5,1.287,-0.649,-0.666,4,1.871,6,1.682,9,1.884,255,0,
1545235099921,116,566858,5,1.353,-0.747,-0.651,4,1.886,6,1.742,9,1.909,255,0,
1545235100050,129,566987,5,1.367,-0.809,-0.671,4,1.845,6,1.765,9,1.898,255,0,
1545235100165,115,567102,5,1.372,-0.870,-0.713,4,1.751,6,1.626,9,1.937,255,0,
1545235100198,33,567135,9,0.000,0.000,0.000,255,0,
1545235100198,0,567135,4,-0.107,-1.793,0.000,255,0,
1545235100198,0,567135,6,2.352,0.000,0.000,255,0,
1545235100274,76,567211,5,1.352,-0.937,-0.813,4,1.795,6,1.703,9,2.243,255,0,
1545235100406,132,567343,5,1.327,-0.948,-0.880,4,1.745,6,1.765,9,1.970,255,0,
1545235100516,110,567453,5,1.315,-0.967,-0.909,4,1.770,6,1.823,9,2.013,255,0,
1545235100630,114,567567,5,1.324,-1.009,-0.885,4,1.770,6,1.823,9,1.933,255,0,
1545235100748,118,567685,5,1.365,-1.080,-0.801,4,1.760,6,2.114,9,1.933,255,0,
1545235100866,118,567803,5,1.406,-1.156,-0.715,4,1.736,6,2.041,9,2.146,255,0,
1545235100990,124,567927,5,1.414,-1.215,-0.681,4,1.725,6,1.694,9,1.953,255,0,
1545235101110,120,568047,5,1.379,-1.242,-0.731,4,1.699,6,1.982,9,1.935,255,0,
1545235101229,119,568166,5,1.324,-1.255,-0.823,4,1.947,6,2.150,9,1.931,255,0,
1545235101340,111,568277,5,1.287,-1.282,-0.887,4,1.642,6,2.129,9,1.922,255,0,
1545235101463,123,568400,5,1.280,-1.307,-0.907,4,1.656,6,2.304,9,1.910,255,0,
1545235101588,125,568525,5,1.284,-1.299,-0.901,4,1.637,6,2.107,9,1.896,255,0,
1545235101695,107,568632,5,1.257,-1.259,-0.924,4,1.744,6,2.076,9,1.899,255,0,
1545235101818,123,568755,5,1.184,-1.203,-0.995,4,1.625,6,2.384,9,1.895,255,0,
1545235101938,120,568875,5,1.110,-1.170,-1.061,4,1.535,6,2.326,9,1.889,255,0,
1545235102054,116,568991,5,1.032,-1.158,-1.122,4,1.621,6,2.326,9,1.893,255,0,
1545235102167,113,569104,5,0.986,-1.165,-1.142,4,1.617,6,2.358,9,1.909,255,0,
1545235102291,124,569228,5,0.959,-1.175,-1.144,4,1.622,6,2.310,9,1.927,255,0,
1545235102412,121,569349,5,0.916,-1.185,-1.156,4,1.663,6,2.435,9,1.964,255,0,
1545235102538,126,569475,5,0.868,-1.200,-1.169,4,1.655,6,2.357,9,1.991,255,0,
1545235102646,108,569583,5,0.823,-1.213,-1.185,4,1.700,6,2.354,9,2.017,255,0,
1545235102758,112,569695,5,0.794,-1.223,-1.201,4,1.735,6,2.197,9,2.049,255,0,
1545235102884,126,569821,5,0.776,-1.232,-1.221,4,1.728,6,2.201,9,2.064,255,0,
1545235102996,112,569933,5,0.770,-1.240,-1.246,4,1.719,6,2.237,9,2.088,255,0,
1545235103112,116,570049,5,0.785,-1.251,-1.263,4,1.779,6,2.271,9,2.111,255,0,
1545235103231,119,570168,5,0.819,-1.262,-1.266,4,1.698,6,1.986,9,2.128,255,0,
1545235103360,129,570297,5,0.866,-1.273,-1.265,4,1.778,6,1.905,9,2.125,255,0,
1545235103478,118,570415,5,0.924,-1.289,-1.258,4,1.807,6,1.886,9,2.143,255,0,
1545235103591,113,570528,5,0.971,-1.307,-1.242,4,1.807,6,1.886,9,2.143,255,0,
1545235103963,372,570900,5,1.012,-1.320,-1.225,4,1.795,6,1.725,9,2.261,255,0,
1545235104056,93,570993,5,1.099,-1.341,-1.149,4,1.790,6,1.709,9,2.086,255,0,
1545235104192,136,571129,5,1.195,-1.367,-1.053,4,1.757,6,1.857,9,2.321,255,0,
1545235104292,100,571229,5,1.283,-1.386,-0.963,4,1.717,6,1.807,9,2.009,255,0,
1545235104414,122,571351,5,1.369,-1.414,-0.864,4,1.700,6,1.749,9,1.987,255,0,
1545235104538,124,571475,5,1.456,-1.434,-0.700,4,1.688,6,1.899,9,2.148,255,0,
1545235104649,111,571586,5,1.494,-1.446,-0.636,4,1.688,6,1.841,9,1.958,255,0,
1545235104780,131,571717,5,1.527,-1.461,-0.564,4,1.584,6,1.767,9,1.946,255,0,
1545235104895,115,571832,5,1.505,-1.443,-0.581,4,1.658,6,1.857,9,2.186,255,0,
1545235105009,114,571946,5,1.451,-1.400,-0.637,4,1.651,6,1.857,9,1.869,255,0,
1545235105120,111,572057,5,1.414,-1.377,-0.664,4,1.651,6,2.104,9,1.869,255,0,
1545235105239,119,572176,5,1.389,-1.361,-0.666,4,1.574,6,1.898,9,2.074,255,0,
1545235105357,118,572294,5,1.355,-1.351,-0.664,4,1.554,6,1.887,9,1.826,255,0,
1545235105489,132,572426,5,1.324,-1.363,-0.675,4,1.514,6,1.875,9,2.021,255,0,
1545235105594,105,572531,5,1.278,-1.365,-0.723,4,1.495,6,1.875,9,1.832,255,0,
1545235105715,121,572652,5,1.236,-1.371,-0.773,4,1.469,6,2.073,9,1.780,255,0,
1545235105834,119,572771,5,1.223,-1.385,-0.778,4,1.393,6,2.308,9,1.813,255,0,
1545235105948,114,572885,5,1.227,-1.383,-0.739,4,1.422,6,1.966,9,1.797,255,0,
1545235106077,129,573014,5,1.222,-1.376,-0.689,4,1.379,6,1.997,9,1.803,255,0,
1545235106193,116,573130,5,1.179,-1.355,-0.689,4,1.393,6,2.237,9,1.801,255,0,
1545235106313,120,573250,5,1.105,-1.326,-0.725,4,1.372,6,2.216,9,1.814,255,0,
1545235106425,112,573362,5,1.029,-1.308,-0.767,4,1.381,6,2.347,9,1.819,255,0,
1545235106541,116,573478,5,0.984,-1.300,-0.784,4,1.408,6,2.251,9,1.868,255,0,
1545235106665,124,573602,5,0.956,-1.303,-0.780,4,1.432,6,2.089,9,2.062,255,0,
1545235106776,111,573713,5,0.915,-1.304,-0.803,4,1.563,6,2.168,9,1.850,255,0,
1545235106898,122,573835,5,0.872,-1.316,-0.838,4,1.487,6,2.148,9,1.866,255,0,
1545235107012,114,573949,5,0.842,-1.336,-0.872,4,1.504,6,2.202,9,1.905,255,0,
1545235107131,119,574068,5,0.841,-1.360,-0.894,4,1.559,6,2.363,9,1.941,255,0,
1545235107251,120,574188,5,0.884,-1.383,-0.882,4,1.587,6,2.456,9,1.988,255,0,
1545235107367,116,574304,5,0.927,-1.381,-0.877,4,1.607,6,2.380,9,2.037,255,0,
1545235107490,123,574427,5,0.947,-1.360,-0.895,4,1.702,6,2.327,9,2.088,255,0,
1545235107603,113,574540,5,0.927,-1.339,-0.945,4,1.725,6,2.374,9,2.139,255,0,
1545235107734,131,574671,5,0.882,-1.326,-1.018,4,1.771,6,2.258,9,2.168,255,0,
1545235107848,114,574785,5,0.840,-1.329,-1.097,4,1.823,6,2.329,9,2.267,255,0,
1545235107964,116,574901,5,0.822,-1.339,-1.159,4,1.842,6,2.329,9,2.246,255,0,
1545235108089,125,575026,5,0.832,-1.352,-1.215,4,2.038,6,2.056,9,2.270,255,0,
1545235108195,106,575132,5,0.871,-1.374,-1.247,4,2.437,6,1.981,9,2.297,255,0,
1545235108318,123,575255,5,0.938,-1.415,-1.248,4,2.024,6,1.950,9,2.292,255,0,
1545235108554,236,575491,5,1.012,-1.431,-1.248,4,2.022,6,1.818,9,2.339,255,0,
1545235108667,113,575604,5,1.114,-1.395,-1.260,4,2.024,6,1.766,9,2.256,255,0,
1545235108789,122,575726,5,1.215,-1.334,-1.280,4,1.991,6,1.713,9,2.211,255,0,
1545235108912,123,575849,5,1.297,-1.264,-1.307,4,2.025,6,1.668,9,2.211,255,0,
1545235109024,112,575961,5,1.370,-1.217,-1.311,4,1.991,6,1.622,9,2.187,255,0,
1545235109154,130,576091,5,1.486,-1.218,-1.216,4,1.992,6,1.589,9,2.148,255,0,
1545235109270,116,576207,5,1.531,-1.242,-1.131,4,1.971,6,1.908,9,2.124,255,0,
1545235109383,113,576320,5,1.575,-1.266,-1.019,4,1.957,6,1.908,9,2.083,255,0,
1545235109497,114,576434,5,1.603,-1.264,-0.935,4,1.957,6,1.524,9,2.083,255,0,
1545235109616,119,576553,5,1.606,-1.246,-0.901,4,1.914,6,1.501,9,2.036,255,0,
1545235109854,238,576791,5,1.593,-1.220,-0.886,4,1.866,6,1.468,9,1.997,255,0,
1545235109965,111,576902,5,1.570,-1.198,-0.879,4,1.847,6,1.890,9,1.966,255,0,
1545235110087,122,577024,5,1.560,-1.176,-0.845,4,1.847,6,1.890,9,1.966,255,0,
1545235110216,129,577153,9,0.000,0.000,0.000,255,0,
1545235110216,0,577153,4,-0.107,-1.793,0.000,255,0,
1545235110216,0,577153,6,2.352,0.000,0.000,255,0,
1545235110216,0,577153,5,1.564,-1.170,-0.782,4,1.775,6,1.569,9,1.940,255,0,
1545235110321,105,577258,5,1.568,-1.163,-0.722,4,1.737,6,1.735,9,1.928,255,0,
1545235110440,119,577377,5,1.548,-1.126,-0.680,4,1.705,6,1.514,9,1.899,255,0,
1545235110569,129,577506,5,1.501,-1.099,-0.738,4,1.960,6,1.662,9,1.881,255,0,
1545235110799,230,577736,5,1.449,-1.072,-0.802,4,1.636,6,1.631,9,1.872,255,0,
1545235110913,114,577850,5,1.418,-1.068,-0.799,4,1.635,6,1.631,9,1.864,255,0,
1545235111041,128,577978,5,1.404,-1.074,-0.768,4,1.626,6,1.788,9,1.839,255,0,
1545235111149,108,578086,5,1.403,-1.085,-0.710,4,1.869,6,1.793,9,1.803,255,0,
1545235111273,124,578210,5,1.405,-1.098,-0.649,4,1.621,6,1.677,9,1.772,255,0,
1545235111383,110,578320,5,1.381,-1.118,-0.604,4,1.691,6,1.825,9,1.749,255,0,
1545235111505,122,578442,5,1.356,-1.127,-0.605,4,1.704,6,1.718,9,1.727,255,0,
1545235111621,116,578558,5,1.314,-1.131,-0.639,4,1.708,6,1.431,9,1.711,255,0,
1545235111756,135,578693,5,1.273,-1.117,-0.694,4,1.945,6,1.441,9,1.853,255,0,
1545235111863,107,578800,5,1.223,-1.089,-0.749,4,1.848,6,1.414,9,1.669,255,0,
1545235111978,115,578915,5,1.197,-1.067,-0.765,4,1.831,6,1.404,9,1.667,255,0,
1545235112118,140,579055,5,1.199,-1.045,-0.748,4,1.956,6,1.405,9,1.660,255,0,
1545235112223,105,579160,5,1.236,-1.019,-0.686,4,1.820,6,1.400,9,1.658,255,0,
1545235112333,110,579270,5,1.294,-0.974,-0.633,4,1.820,6,1.400,9,1.658,255,0,
1545235112464,131,579401,5,1.334,-0.923,-0.606,4,1.875,6,1.410,9,1.662,255,0,
1545235112570,106,579507,5,1.354,-0.872,-0.593,4,1.800,6,1.407,9,1.656,255,0,
1545235112806,236,579743,5,1.356,-0.815,-0.600,4,1.776,6,1.434,9,1.715,255,0,
1545235112931,125,579868,5,1.350,-0.790,-0.597,4,1.728,6,1.430,9,1.676,255,0,
1545235113039,108,579976,5,1.346,-0.779,-0.591,4,1.955,6,1.454,9,1.681,255,0,
1545235113165,126,580102,5,1.345,-0.784,-0.576,4,1.751,6,1.437,9,1.685,255,0,
1545235113276,111,580213,5,1.345,-0.798,-0.558,4,1.716,6,1.506,9,1.697,255,0,
1545235113398,122,580335,5,1.348,-0.831,-0.527,4,1.952,6,1.591,9,1.716,255,0,
1545235113512,114,580449,5,1.348,-0.852,-0.503,4,1.861,6,1.769,9,1.731,255,0,
1545235113641,129,580578,5,1.349,-0.859,-0.496,4,1.662,6,1.814,9,1.749,255,0,
1545235113759,118,580696,5,1.347,-0.854,-0.511,4,1.597,6,1.863,9,1.757,255,0,
1545235113867,108,580804,5,1.336,-0.846,-0.552,4,1.597,6,1.863,9,1.757,255,0,
1545235113989,122,580926,5,1.309,-0.833,-0.630,4,1.579,6,1.932,9,1.958,255,0,
1545235114124,135,581061,5,1.262,-0.836,-0.724,4,1.569,6,1.985,9,1.716,255,0,
1545235114232,108,581169,5,1.209,-0.892,-0.802,4,1.549,6,1.846,9,1.939,255,0,
1545235114463,231,581400,5,1.167,-0.966,-0.840,4,1.553,6,1.943,9,1.708,255,0,
1545235114590,127,581527,5,1.141,-1.056,-0.846,4,1.553,6,1.943,9,1.708,255,0,
1545235114694,104,581631,5,1.127,-1.144,-0.838,4,1.550,6,1.971,9,1.697,255,0,
1545235114817,123,581754,5,1.118,-1.204,-0.825,4,1.559,6,1.737,9,1.728,255,0,
1545235114930,113,581867,5,1.115,-1.224,-0.806,4,1.561,6,2.019,9,1.952,255,0,
1545235115061,131,581998,5,1.097,-1.194,-0.763,4,1.570,6,2.026,9,1.759,255,0,
1545235115176,115,582113,5,1.094,-1.168,-0.732,4,1.594,6,2.269,9,1.807,255,0,
1545235115286,110,582223,5,1.097,-1.150,-0.710,4,1.594,6,2.269,9,1.807,255,0,
1545235115414,128,582351,5,1.092,-1.149,-0.716,4,1.678,6,1.754,9,1.828,255,0,
1545235115523,109,582460,5,1.072,-1.167,-0.757,4,1.723,6,1.912,9,1.882,255,0,
1545235115759,236,582696,5,1.033,-1.181,-0.826,4,1.788,6,1.792,9,2.081,255,0,
1545235115883,124,582820,5,1.011,-1.168,-0.870,4,1.810,6,1.790,9,1.871,255,0,
1545235115996,113,582933,5,1.015,-1.150,-0.887,4,1.824,6,1.900,9,1.905,255,0,
1545235116117,121,583054,5,1.059,-1.137,-0.870,4,1.816,6,1.882,9,1.882,255,0,
1545235116231,114,583168,5,1.115,-1.141,-0.849,4,1.829,6,1.930,9,1.869,255,0,
1545235116374,143,583311,5,1.227,-1.161,-0.837,4,1.817,6,1.975,9,1.864,255,0,
1545235116466,92,583403,5,1.252,-1.148,-0.872,4,1.817,6,1.980,9,1.983,255,0,
1545235116595,129,583532,5,1.248,-1.121,-0.918,4,1.807,6,1.979,9,1.926,255,0,
1545235116704,109,583641,5,1.222,-1.083,-0.971,4,1.787,6,2.039,9,1.917,255,0,
1545235116838,134,583775,5,1.189,-1.052,-1.021,4,1.731,6,2.197,9,1.909,255,0,
1545235116941,103,583878,5,1.163,-1.041,-1.063,4,1.806,6,1.932,9,1.877,255,0,
1545235117060,119,583997,5,1.151,-1.050,-1.083,4,1.781,6,1.913,9,1.875,255,0,
1545235117180,120,584117,5,1.129,-1.073,-1.111,4,1.795,6,1.994,9,1.885,255,0,
1545235117295,115,584232,5,1.107,-1.089,-1.128,4,1.761,6,2.145,9,1.878,255,0,
1545235117417,122,584354,5,1.084,-1.098,-1.135,4,1.755,6,2.145,9,1.874,255,0,
1545235117536,119,584473,5,1.079,-1.092,-1.128,4,1.691,6,2.113,9,1.854,255,0,
1545235117649,113,584586,5,1.083,-1.080,-1.116,4,1.714,6,2.033,9,1.863,255,0,
1545235117772,123,584709,5,1.079,-1.069,-1.116,4,1.711,6,2.287,9,1.852,255,0,
1545235117885,113,584822,5,1.062,-1.066,-1.127,4,1.683,6,2.085,9,1.868,255,0,
1545235118014,129,584951,5,1.028,-1.070,-1.145,4,1.685,6,2.126,9,1.870,255,0,
1545235118131,117,585068,5,0.993,-1.079,-1.157,4,1.691,6,2.117,9,1.883,255,0,
1545235118241,110,585178,5,0.970,-1.088,-1.159,4,1.691,6,2.117,9,1.883,255,0,
1545235118365,124,585302,5,0.947,-1.097,-1.158,4,1.700,6,2.149,9,1.936,255,0,
1545235118481,116,585418,5,0.939,-1.105,-1.153,4,1.717,6,2.124,9,1.938,255,0,
1545235118602,121,585539,5,0.940,-1.117,-1.146,4,1.711,6,2.112,9,1.951,255,0,
1545235118714,112,585651,5,0.949,-1.131,-1.142,4,1.726,6,1.963,9,1.986,255,0,
1545235118837,123,585774,5,0.957,-1.144,-1.144,4,1.809,6,1.983,9,2.001,255,0,
1545235118960,123,585897,5,0.965,-1.161,-1.149,4,1.835,6,2.218,9,2.031,255,0,
1545235119077,117,586014,5,0.987,-1.178,-1.138,4,1.863,6,2.050,9,2.059,255,0,
1545235119188,111,586125,5,1.019,-1.191,-1.120,4,1.883,6,1.823,9,2.131,255,0,
1545235119319,131,586256,5,1.047,-1.197,-1.112,4,1.902,6,1.959,9,2.107,255,0,
1545235119434,115,586371,5,1.077,-1.197,-1.116,4,1.907,6,1.784,9,2.175,255,0,
1545235119551,117,586488,5,1.098,-1.192,-1.140,4,1.938,6,1.730,9,2.311,255,0,
1545235119664,113,586601,5,1.123,-1.184,-1.167,4,1.953,6,1.730,9,2.140,255,0,
1545235119790,126,586727,5,1.172,-1.192,-1.159,4,1.972,6,1.679,9,2.415,255,0,
1545235119896,106,586833,5,1.250,-1.209,-1.122,4,1.985,6,1.647,9,2.135,255,0,
1545235120014,118,586951,5,1.343,-1.241,-1.047,4,2.015,6,1.597,9,2.165,255,0,
1545235120136,122,587073,5,1.444,-1.290,-0.938,4,2.045,6,1.549,9,2.165,255,0,
1545235120223,87,587160,6,2.352,0.000,0.000,255,0,
1545235120223,0,587160,9,0.000,0.000,0.000,255,0,
1545235120223,0,587160,4,-0.107,-1.793,0.000,255,0,
1545235120261,38,587198,5,1.521,-1.323,-0.846,4,2.323,6,1.523,9,2.424,255,0,
1545235120383,122,587320,5,1.581,-1.342,-0.755,4,2.317,6,1.506,9,2.123,255,0,
1545235120491,108,587428,5,1.614,-1.337,-0.712,4,2.022,6,1.483,9,2.069,255,0,
1545235120606,115,587543,5,1.641,-1.298,-0.721,4,1.973,6,1.461,9,2.043,255,0,
1545235120728,122,587665,5,1.670,-1.233,-0.771,4,1.959,6,1.739,9,2.001,255,0,
1545235120840,112,587777,5,1.713,-1.151,-0.830,4,1.815,6,1.445,9,1.969,255,0,
1545235120971,131,587908,5,1.728,-1.072,-0.882,4,1.878,6,1.565,9,1.933,255,0,
1545235121084,113,588021,5,1.707,-1.028,-0.890,4,1.836,6,1.566,9,1.889,255,0,
1545235121197,113,588134,5,1.664,-1.017,-0.858,4,1.836,6,1.566,9,1.889,255,0,
1545235121313,116,588250,5,1.604,-1.031,-0.803,4,1.756,6,1.689,9,1.852,255,0,
1545235121432,119,588369,5,1.560,-1.054,-0.739,4,1.704,6,1.656,9,1.846,255,0,
1545235121554,122,588491,5,1.509,-1.063,-0.699,4,1.771,6,1.706,9,1.853,255,0,
1545235121669,115,588606,5,1.465,-1.058,-0.700,4,1.733,6,1.637,9,1.840,255,0,
1545235121791,122,588728,5,1.417,-1.050,-0.725,4,2.010,6,1.597,9,1.868,255,0,
1545235121916,125,588853,5,1.365,-1.055,-0.749,4,1.757,6,1.710,9,1.881,255,0,
1545235122025,109,588962,5,1.331,-1.064,-0.751,4,1.802,6,1.442,9,1.891,255,0,
1545235122146,121,589083,5,1.310,-1.063,-0.761,4,2.086,6,1.348,9,1.888,255,0,
1545235122499,353,589436,5,1.303,-1.061,-0.767,4,1.799,6,1.535,9,1.849,255,0,
1545235122614,115,589551,5,1.324,-1.037,-0.767,4,1.737,6,1.430,9,1.807,255,0,
1545235122738,124,589675,5,1.350,-1.014,-0.764,4,1.755,6,1.569,9,1.801,255,0,
1545235122852,114,589789,5,1.380,-1.000,-0.745,4,1.779,6,1.497,9,1.759,255,0,
1545235122967,115,589904,5,1.416,-0.986,-0.714,4,1.960,6,1.599,9,1.749,255,0,
1545235123089,122,590026,5,1.416,-0.982,-0.639,4,1.800,6,1.599,9,1.776,255,0,
1545235123213,124,590150,5,1.425,-0.991,-0.580,4,1.749,6,1.406,9,1.747,255,0,
1545235123338,125,590275,5,1.411,-0.992,-0.566,4,2.038,6,1.649,9,1.773,255,0,
1545235123442,104,590379,5,1.384,-0.986,-0.576,4,1.868,6,1.531,9,1.738,255,0,
1545235123559,117,590496,5,1.362,-0.962,-0.607,4,1.795,6,1.486,9,1.744,255,0,
1545235123681,122,590618,5,1.345,-0.929,-0.649,4,1.838,6,1.513,9,1.779,255,0,
1545235123794,113,590731,5,1.337,-0.899,-0.667,4,1.987,6,1.522,9,1.800,255,0,
1545235124036,242,590973,5,1.330,-0.875,-0.687,4,2.062,6,1.891,9,1.837,255,0,
1545235124166,130,591103,5,1.333,-0.868,-0.691,4,1.861,6,1.669,9,1.850,255,0,
1545235124273,107,591210,5,1.338,-0.864,-0.695,4,1.884,6,1.795,9,1.876,255,0,
1545235124387,114,591324,5,1.340,-0.858,-0.709,4,1.827,6,1.911,9,1.841,255,0,
1545235124509,122,591446,5,1.343,-0.847,-0.734,4,1.833,6,1.823,9,2.128,255,0,
1545235124633,124,591570,5,1.301,-0.813,-0.868,4,1.826,6,1.807,9,1.878,255,0,
1545235124743,110,591680,5,1.274,-0.832,-0.939,4,1.810,6,1.892,9,1.886,255,0,
1545235124865,122,591802,5,1.258,-0.877,-0.980,4,1.804,6,1.919,9,1.979,255,0,
1545235124989,124,591926,5,1.250,-0.937,-0.994,4,1.807,6,2.011,9,1.980,255,0,
1545235125126,137,592063,5,1.258,-1.010,-0.983,4,1.801,6,2.228,9,1.961,255,0,
1545235125214,88,592151,5,1.268,-1.061,-0.971,4,1.764,6,2.000,9,1.935,255,0,
1545235125347,133,592284,5,1.263,-1.085,-0.975,4,1.785,6,2.044,9,1.934,255,0,
1545235125451,104,592388,5,1.237,-1.101,-1.004,4,1.766,6,2.184,9,1.945,255,0,
1545235125569,118,592506,5,1.196,-1.111,-1.049,4,1.766,6,2.184,9,1.945,255,0,
1545235125689,120,592626,5,1.140,-1.123,-1.108,4,1.744,6,2.094,9,1.927,255,0,
1545235125807,118,592744,5,1.109,-1.128,-1.135,4,1.711,6,2.069,9,1.925,255,0,
1545235125928,121,592865,5,1.074,-1.130,-1.162,4,1.711,6,2.069,9,1.925,255,0,
1545235126041,113,592978,5,1.051,-1.132,-1.177,4,1.666,6,2.008,9,1.904,255,0,
1545235126164,123,593101,5,1.035,-1.136,-1.186,4,1.671,6,2.045,9,2.088,255,0,
1545235126289,125,593226,5,1.021,-1.136,-1.187,4,1.669,6,2.012,9,1.895,255,0,
1545235126396,107,593333,5,1.020,-1.145,-1.169,4,1.677,6,2.007,9,1.887,255,0,
1545235126522,126,593459,5,1.034,-1.166,-1.135,4,1.652,6,2.011,9,1.871,255,0,
1545235126876,354,593813,5,1.058,-1.194,-1.093,4,1.618,6,1.987,9,1.854,255,0,
1545235126987,111,593924,5,1.082,-1.220,-1.054,4,1.614,6,2.019,9,2.004,255,0,
1545235127108,121,594045,5,1.095,-1.230,-1.027,4,1.592,6,1.925,9,1.354,255,0,
1545235127225,117,594162,5,1.106,-1.238,-1.016,4,1.557,6,1.781,9,1.738,255,0,
1545235127343,118,594280,5,1.107,-1.242,-1.023,4,1.521,6,1.781,9,1.693,255,0,
1545235127464,121,594401,5,1.072,-1.188,-0.950,4,1.499,6,1.798,9,1.716,255,0,
1545235127586,122,594523,5,1.061,-1.174,-0.934,4,1.477,6,1.775,9,1.627,255,0,
1545235127694,108,594631,5,1.035,-1.134,-0.902,4,1.569,6,2.032,9,1.626,255,0,
1545235127817,123,594754,5,1.027,-1.102,-0.838,4,1.480,6,1.915,9,1.568,255,0,
1545235127936,119,594873,5,1.032,-1.091,-0.774,4,1.458,6,2.034,9,1.556,255,0,
1545235128055,119,594992,5,1.044,-1.094,-0.722,4,1.450,6,1.810,9,1.551,255,0,
1545235128169,114,595106,5,1.041,-1.098,-0.702,4,1.457,6,1.810,9,1.519,255,0,
1545235128299,130,595236,5,1.010,-1.086,-0.722,4,1.458,6,2.040,9,1.475,255,0,
1545235128409,110,595346,5,0.971,-1.066,-0.743,4,1.456,6,2.040,9,1.643,255,0,
1545235128525,116,595462,5,0.935,-1.045,-0.751,4,1.456,6,1.920,9,1.643,255,0,
1545235128648,123,595585,5,0.918,-1.032,-0.734,4,1.550,6,1.763,9,1.480,255,0,
1545235128760,112,595697,5,0.911,-1.030,-0.711,4,1.449,6,1.911,9,1.711,255,0,
1545235128879,119,595816,5,0.895,-1.020,-0.704,4,1.448,6,1.827,9,1.452,255,0,
1545235128997,118,595934,5,0.890,-1.016,-0.712,4,1.462,6,1.742,9,1.622,255,0,
1545235129114,117,596051,5,0.889,-1.010,-0.726,4,1.465,6,2.163,9,1.428,255,0,
1545235129241,127,596178,5,0.913,-1.009,-0.711,4,1.449,6,1.692,9,1.400,255,0,
1545235129353,112,596290,5,0.942,-1.023,-0.690,4,1.505,6,1.842,9,1.396,255,0,
1545235129589,236,596526,5,0.956,-1.034,-0.665,4,1.426,6,1.757,9,1.368,255,0,
1545235129721,132,596658,5,0.949,-1.029,-0.643,4,1.369,6,1.874,9,1.359,255,0,
1545235129826,105,596763,5,0.923,-1.008,-0.638,4,1.315,6,1.886,9,1.337,255,0,
1545235129943,117,596880,5,0.903,-0.975,-0.627,4,1.262,6,1.886,9,1.306,255,0,
1545235130061,118,596998,5,0.894,-0.942,-0.617,4,1.218,6,1.950,9,1.291,255,0,
1545235130180,119,597117,5,0.888,-0.907,-0.579,4,1.229,6,2.181,9,1.326,255,0,
1545235130226,46,597163,6,2.352,0.000,0.000,255,0,
1545235130226,0,597163,9,0.000,0.000,0.000,255,0,
1545235130226,0,597163,4,-0.107,-1.793,0.000,255,0,
1545235130297,71,597234,5,0.883,-0.911,-0.537,4,1.229,6,2.181,9,1.326,255,0,
1545235130415,118,597352,5,0.858,-0.922,-0.507,4,1.193,6,1.958,9,1.221,255,0,
1545235130540,125,597477,5,0.814,-0.943,-0.491,4,1.204,6,2.252,9,1.221,255,0,
1545235130649,109,597586,5,0.776,-0.966,-0.480,4,1.201,6,2.112,9,1.165,255,0,
1545235130771,122,597708,5,0.737,-0.989,-0.482,4,1.171,6,2.131,9,1.208,255,0,
1545235130895,124,597832,5,0.703,-1.004,-0.486,4,1.337,6,2.134,9,1.201,255,0,
1545235131007,112,597944,5,0.668,-1.005,-0.482,4,1.533,6,2.102,9,1.240,255,0,
1545235131142,135,598079,5,0.619,-0.995,-0.483,4,1.459,6,2.083,9,1.212,255,0,
1545235131253,111,598190,5,0.575,-0.976,-0.495,4,1.298,6,2.318,9,1.228,255,0,
1545235131360,107,598297,5,0.544,-0.944,-0.526,4,1.627,6,2.429,9,1.249,255,0,
1545235131479,119,598416,5,0.539,-0.906,-0.575,4,1.627,6,2.429,9,1.249,255,0,
1545235131601,122,598538,5,0.541,-0.863,-0.631,4,1.436,6,2.265,9,1.326,255,0,
1545235131726,125,598663,5,0.522,-0.808,-0.713,4,1.458,6,2.384,9,1.366,255,0,
1545235131839,113,598776,5,0.484,-0.781,-0.771,4,1.499,6,2.137,9,1.403,255,0,
1545235131964,125,598901,5,0.436,-0.765,-0.823,4,1.550,6,2.196,9,1.420,255,0,
1545235132079,115,599016,5,0.392,-0.768,-0.870,4,1.573,6,2.025,9,1.445,255,0,
1545235132193,114,599130,5,0.378,-0.786,-0.904,4,1.600,6,2.036,9,1.460,255,0,
1545235132310,117,599247,5,0.395,-0.810,-0.931,4,1.595,6,2.184,9,1.469,255,0,
1545235132427,117,599364,5,0.443,-0.829,-0.939,4,1.598,6,2.146,9,1.463,255,0,
1545235132544,117,599481,5,0.518,-0.838,-0.945,4,1.603,6,2.084,9,1.449,255,0,
1545235132671,127,599608,5,0.583,-0.838,-0.948,4,1.600,6,1.849,9,1.399,255,0,
1545235132783,112,599720,5,0.634,-0.836,-0.961,4,1.597,6,1.819,9,1.324,255,0,
1545235132899,116,599836,5,0.654,-0.835,-0.982,4,1.597,6,1.819,9,1.324,255,0,
1545235133022,123,599959,5,0.664,-0.833,-0.998,4,1.547,6,1.798,9,1.229,255,0,
1545235133133,111,600070,5,0.683,-0.825,-0.989,4,1.547,6,1.798,9,1.229,255,0,
1545235133254,121,600191,5,0.721,-0.810,-0.948,4,1.480,6,1.972,9,1.086,255,0,
1545235133369,115,600306,5,0.773,-0.788,-0.873,4,1.456,6,1.784,9,1.028,255,0,
1545235133489,120,600426,5,0.808,-0.764,-0.799,4,1.807,6,1.917,9,0.967,255,0,
1545235133610,121,600547,5,0.821,-0.747,-0.708,4,1.465,6,1.879,9,0.977,255,0,
1545235133726,116,600663,5,0.807,-0.727,-0.639,4,1.440,6,1.824,9,1.018,255,0,
1545235133962,236,600899,5,0.767,-0.688,-0.591,4,1.436,6,1.922,9,0.817,255,0,
1545235134080,118,601017,5,0.729,-0.644,-0.560,4,1.448,6,1.917,9,1.083,255,0,
1545235134203,123,601140,5,0.693,-0.590,-0.537,4,1.574,6,2.025,9,0.858,255,0,
1545235134319,116,601256,5,0.669,-0.559,-0.510,4,1.455,6,2.025,9,0.944,255,0,
1545235134447,128,601384,5,0.658,-0.555,-0.476,4,1.473,6,1.966,9,0.872,255,0,
1545235134555,108,601492,5,0.628,-0.569,-0.434,4,1.519,6,1.979,9,0.940,255,0,
1545235134671,116,601608,5,0.610,-0.582,-0.434,4,1.519,6,1.979,9,0.940,255,0,
1545235134795,124,601732,5,0.576,-0.580,-0.454,4,1.569,6,1.861,9,1.047,255,0,
1545235134914,119,601851,5,0.548,-0.569,-0.476,4,1.590,6,2.002,9,1.063,255,0,
1545235135026,112,601963,5,0.534,-0.550,-0.493,4,1.595,6,2.009,9,1.089,255,0,
1545235135145,119,602082,5,0.539,-0.533,-0.504,4,1.594,6,1.866,9,1.145,255,0,
1545235135259,114,602196,5,0.555,-0.516,-0.527,4,1.598,6,2.030,9,1.132,255,0,
1545235135382,123,602319,5,0.582,-0.509,-0.564,4,1.601,6,1.852,9,1.141,255,0,
1545235135498,116,602435,5,0.596,-0.516,-0.610,4,1.592,6,1.881,9,1.131,255,0,
1545235135625,127,602562,5,0.601,-0.531,-0.653,4,1.577,6,2.189,9,1.310,255,0,
1545235135736,111,602673,5,0.616,-0.547,-0.676,4,1.569,6,2.101,9,1.202,255,0,
1545235135855,119,602792,5,0.633,-0.560,-0.687,4,1.550,6,2.100,9,1.220,255,0,
1545235135969,114,602906,5,0.651,-0.575,-0.696,4,1.787,6,2.252,9,1.180,255,0,
1545235136088,119,603025,5,0.660,-0.597,-0.707,4,1.787,6,2.252,9,1.193,255,0,
1545235136214,126,603151,5,0.636,-0.623,-0.755,4,1.485,6,2.118,9,1.191,255,0,
1545235136340,126,603277,5,0.602,-0.631,-0.805,4,1.456,6,2.207,9,1.179,255,0,
1545235136444,104,603381,5,0.570,-0.628,-0.847,4,1.658,6,2.343,9,1.170,255,0,
1545235136569,125,603506,5,0.554,-0.618,-0.863,4,1.429,6,2.229,9,1.156,255,0,
1545235136684,115,603621,5,0.552,-0.617,-0.850,4,1.397,6,2.434,9,1.151,255,0,
1545235136806,122,603743,5,0.548,-0.628,-0.834,4,1.425,6,2.425,9,1.137,255,0,
1545235136914,108,603851,5,0.523,-0.645,-0.830,4,1.410,6,2.088,9,1.128,255,0,
1545235137044,130,603981,5,0.470,-0.654,-0.846,4,1.428,6,2.112,9,1.128,255,0,
1545235137154,110,604091,5,0.397,-0.663,-0.866,4,1.442,6,2.325,9,1.129,255,0,
1545235137275,121,604212,5,0.341,-0.678,-0.866,4,1.442,6,2.325,9,1.129,255,0,
1545235137398,123,604335,5,0.319,-0.695,-0.845,4,1.492,6,2.341,9,1.151,255,0,
1545235137507,109,604444,5,0.336,-0.710,-0.811,4,1.528,6,2.371,9,1.164,255,0,
1545235137628,121,604565,5,0.372,-0.716,-0.778,4,1.666,6,2.163,9,1.183,255,0,
1545235137747,119,604684,5,0.379,-0.716,-0.774,4,1.662,6,2.475,9,1.207,255,0,
1545235137867,120,604804,5,0.369,-0.709,-0.790,4,1.733,6,2.378,9,1.211,255,0,
1545235137989,122,604926,5,0.348,-0.695,-0.822,4,1.767,6,2.372,9,1.223,255,0,
1545235138110,121,605047,5,0.331,-0.674,-0.858,4,1.793,6,2.178,9,1.224,255,0,
1545235138215,105,605152,5,0.320,-0.641,-0.901,4,1.804,6,1.988,9,1.217,255,0,
1545235138336,121,605273,5,0.298,-0.602,-0.953,4,1.685,6,1.955,9,1.204,255,0,
1545235138452,116,605389,5,0.281,-0.557,-1.006,4,1.673,6,1.922,9,1.176,255,0,
1545235138574,122,605511,5,0.291,-0.515,-1.044,4,1.671,6,2.030,9,1.133,255,0,
1545235138692,118,605629,5,0.346,-0.487,-1.048,4,1.662,6,2.030,9,1.113,255,0,
1545235138819,127,605756,5,0.429,-0.477,-1.020,4,1.656,6,1.917,9,1.081,255,0,
1545235138927,108,605864,5,0.521,-0.485,-0.967,4,1.651,6,2.210,9,1.096,255,0,
1545235139053,126,605990,5,0.598,-0.502,-0.900,4,1.651,6,2.210,9,1.096,255,0,
1545235139168,115,606105,5,0.632,-0.514,-0.848,4,1.617,6,1.815,9,1.034,255,0,
1545235139291,123,606228,5,0.632,-0.518,-0.814,4,1.587,6,2.008,9,1.006,255,0,
1545235139399,108,606336,5,0.622,-0.514,-0.787,4,1.548,6,1.866,9,1.051,255,0,
1545235139520,121,606457,5,0.604,-0.507,-0.769,4,1.631,6,1.875,9,1.111,255,0,
1545235139634,114,606571,5,0.594,-0.502,-0.733,4,1.672,6,2.070,9,1.002,255,0,
1545235139759,125,606696,5,0.604,-0.507,-0.690,4,1.601,6,1.883,9,0.992,255,0,
1545235139892,133,606829,5,0.617,-0.517,-0.656,4,1.604,6,1.981,9,0.891,255,0,
1545235139999,107,606936,5,0.628,-0.526,-0.642,4,1.616,6,1.886,9,0.845,255,0,
1545235140113,114,607050,5,0.630,-0.531,-0.649,4,1.644,6,1.914,9,0.829,255,0,
1545235140227,114,607164,9,0.000,0.000,0.000,255,0,
1545235140227,0,607164,4,-0.107,-1.793,0.000,255,0,
1545235140227,0,607164,6,2.352,0.000,0.000,255,0,
1545235140227,0,607164,5,0.616,-0.523,-0.666,4,1.644,6,1.914,9,0.829,255,0,
1545235140350,123,607287,5,0.600,-0.506,-0.664,4,1.702,6,2.247,9,0.776,255,0,
1545235140465,115,607402,5,0.587,-0.480,-0.626,4,1.700,6,1.844,9,0.757,255,0,
1545235140592,127,607529,5,0.575,-0.457,-0.591,4,1.714,6,1.940,9,0.742,255,0,
1545235140696,104,607633,5,0.553,-0.425,-0.555,4,1.751,6,1.918,9,0.723,255,0,
1545235140821,125,607758,5,0.526,-0.394,-0.538,4,1.778,6,2.212,9,0.703,255,0,
1545235140943,122,607880,5,0.497,-0.360,-0.530,4,1.774,6,2.139,9,0.696,255,0,
1545235141059,116,607996,5,0.484,-0.328,-0.516,4,1.782,6,1.884,9,0.663,255,0,
1545235141181,122,608118,5,0.471,-0.295,-0.511,4,1.831,6,1.930,9,0.735,255,0,
1545235141290,109,608227,5,0.454,-0.270,-0.512,4,1.783,6,1.901,9,0.711,255,0,
1545235141421,131,608358,5,0.422,-0.239,-0.523,4,1.776,6,1.896,9,0.692,255,0,
1545235141532,111,608469,5,0.391,-0.208,-0.537,4,1.774,6,2.183,9,0.682,255,0,
1545235141650,118,608587,5,0.399,-0.188,-0.527,4,1.776,6,2.183,9,0.700,255,0,
1545235141771,121,608708,5,0.434,-0.175,-0.503,4,1.787,6,1.860,9,0.733,255,0,
1545235141881,110,608818,5,0.459,-0.170,-0.486,4,2.039,6,1.893,9,0.758,255,0,
1545235142006,125,608943,5,0.459,-0.178,-0.481,4,1.747,6,1.856,9,0.905,255,0,
1545235142131,125,609068,5,0.428,-0.177,-0.495,4,1.787,6,1.814,9,0.786,255,0,
1545235142240,109,609177,5,0.404,-0.167,-0.515,4,1.797,6,1.803,9,0.810,255,0,
1545235142356,116,609293,5,0.410,-0.153,-0.528,4,1.793,6,1.762,9,0.825,255,0,
1545235142474,118,609411,5,0.444,-0.139,-0.532,4,2.039,6,1.778,9,0.836,255,0,
1545235142588,114,609525,5,0.504,-0.154,-0.527,4,1.776,6,1.764,9,0.842,255,0,
1545235142713,125,609650,5,0.554,-0.176,-0.513,4,1.795,6,1.895,9,0.848,255,0,
1545235142845,132,609782,5,0.590,-0.188,-0.495,4,1.763,6,1.793,9,0.847,255,0,
1545235142952,107,609889,5,0.617,-0.188,-0.479,4,2.112,6,1.804,9,0.825,255,0,
1545235143068,116,610005,5,0.633,-0.180,-0.475,4,1.700,6,2.052,9,0.847,255,0,
1545235143180,112,610117,5,0.644,-0.176,-0.475,4,1.700,6,2.052,9,0.847,255,0,
1545235143304,124,610241,5,0.643,-0.172,-0.488,4,1.692,6,1.864,9,0.830,255,0,
1545235143417,113,610354,5,0.628,-0.169,-0.507,4,1.692,6,1.864,9,0.830,255,0,
1545235143538,121,610475,5,0.610,-0.160,-0.523,4,1.664,6,1.938,9,0.835,255,0,
1545235143652,114,610589,5,0.586,-0.167,-0.540,4,1.662,6,2.008,9,0.835,255,0,
1545235143774,122,610711,5,0.570,-0.196,-0.545,4,1.645,6,2.283,9,0.865,255,0,
1545235143897,123,610834,5,0.569,-0.246,-0.535,4,1.618,6,2.074,9,0.872,255,0,
1545235144009,112,610946,5,0.565,-0.286,-0.528,4,1.598,6,2.027,9,0.882,255,0,
1545235144133,124,611070,5,0.543,-0.314,-0.535,4,1.571,6,2.050,9,0.900,255,0,
1545235144244,111,611181,5,0.502,-0.331,-0.562,4,1.511,6,2.057,9,0.922,255,0,
1545235144369,125,611306,5,0.449,-0.344,-0.601,4,1.474,6,2.060,9,0.956,255,0,
1545235144480,111,611417,5,0.414,-0.361,-0.631,4,1.463,6,2.108,9,0.974,255,0,
1545235144604,124,611541,5,0.408,-0.381,-0.640,4,1.431,6,2.108,9,1.004,255,0,
1545235144717,113,611654,5,0.422,-0.414,-0.634,4,1.381,6,2.422,9,1.042,255,0,
1545235144837,120,611774,5,0.446,-0.448,-0.619,4,1.352,6,2.136,9,1.076,255,0,
1545235144964,127,611901,5,0.459,-0.489,-0.611,4,1.314,6,2.463,9,1.114,255,0,
1545235145076,112,612013,5,0.457,-0.527,-0.613,4,1.260,6,2.176,9,1.148,255,0,
1545235145192,116,612129,5,0.433,-0.569,-0.630,4,1.211,6,2.365,9,1.201,255,0,
1545235145318,126,612255,5,0.393,-0.605,-0.653,4,1.209,6,2.198,9,1.229,255,0,
1545235145434,116,612371,5,0.353,-0.648,-0.677,4,1.170,6,2.211,9,1.293,255,0,
1545235145543,109,612480,5,0.317,-0.699,-0.697,4,1.147,6,2.221,9,1.382,255,0,
1545235145666,123,612603,5,0.310,-0.745,-0.701,4,1.104,6,2.233,9,1.518,255,0,
1545235145797,131,612734,5,0.323,-0.796,-0.695,4,1.104,6,2.211,9,1.535,255,0,
1545235145906,109,612843,5,0.356,-0.852,-0.683,4,1.093,6,2.204,9,1.584,255,0,
1545235146024,118,612961,5,0.403,-0.914,-0.669,4,1.114,6,2.204,9,1.806,255,0,
1545235146258,234,613195,5,0.445,-0.973,-0.663,4,1.146,6,2.482,9,1.720,255,0,
1545235146384,126,613321,5,0.508,-1.057,-0.643,4,1.161,6,2.135,9,1.783,255,0,
1545235146491,107,613428,5,0.570,-1.148,-0.620,4,1.176,6,2.298,9,1.774,255,0,
1545235146617,126,613554,5,0.612,-1.216,-0.603,4,1.242,6,2.213,9,1.854,255,0,
1545235146727,110,613664,5,0.650,-1.282,-0.583,4,1.278,6,2.160,9,1.879,255,0,
1545235146851,124,613788,5,0.680,-1.369,-0.602,4,1.286,6,2.161,9,1.913,255,0,
1545235146965,114,613902,5,0.706,-1.406,-0.623,4,1.426,6,2.196,9,1.920,255,0,
1545235147082,117,614019,5,0.729,-1.427,-0.641,4,1.764,6,2.106,9,1.906,255,0,
1545235147221,139,614158,5,0.771,-1.459,-0.649,4,1.446,6,1.960,9,1.902,255,0,
1545235147322,101,614259,5,0.816,-1.475,-0.667,4,1.468,6,2.069,9,2.153,255,0,
1545235147554,232,614491,5,0.858,-1.463,-0.714,4,1.500,6,1.686,9,24.690,255,0,
1545235147678,124,614615,5,0.900,-1.428,-0.781,4,1.581,6,1.822,9,1.848,255,0,
1545235147796,118,614733,5,0.948,-1.395,-0.831,4,1.581,6,1.822,9,1.848,255,0,
1545235148025,229,614962,5,1.004,-1.392,-0.814,4,1.737,6,1.779,9,1.940,255,0,
1545235148146,121,615083,5,1.066,-1.419,-0.747,4,2.061,6,1.451,9,1.948,255,0,
1545235148262,116,615199,5,1.189,-1.482,-0.602,4,1.773,6,1.735,9,1.950,255,0,
1545235148385,123,615322,5,1.239,-1.476,-0.576,4,1.814,6,1.429,9,1.941,255,0,
1545235148508,123,615445,5,1.280,-1.426,-0.627,4,1.861,6,1.507,9,1.946,255,0,
1545235148616,108,615553,5,1.335,-1.276,-0.758,4,1.877,6,1.419,9,1.948,255,0,
1545235148749,133,615686,5,1.368,-1.188,-0.799,4,2.207,6,1.354,9,1.969,255,0,
1545235148857,108,615794,5,1.397,-1.140,-0.774,4,2.218,6,1.287,9,1.990,255,0,
1545235148974,117,615911,5,1.425,-1.125,-0.692,4,1.976,6,1.494,9,1.986,255,0,
1545235149095,121,616032,5,1.461,-1.103,-0.623,4,1.976,6,1.494,9,1.986,255,0,
1545235149212,117,616149,5,1.498,-1.061,-0.601,4,2.050,6,1.272,9,2.082,255,0,
1545235149342,130,616279,5,1.537,-0.978,-0.644,4,2.091,6,1.577,9,2.176,255,0,
1545235149444,102,616381,5,1.563,-0.911,-0.691,4,2.343,6,1.202,9,2.318,255,0,
1545235149569,125,616506,5,1.574,-0.881,-0.720,4,2.137,6,1.217,9,2.095,255,0,
1545235149693,124,616630,5,1.585,-0.901,-0.721,4,2.379,6,1.224,9,2.118,255,0,
1545235149811,118,616748,5,1.620,-0.959,-0.683,4,2.127,6,1.221,9,2.130,255,0,
1545235149931,120,616868,5,1.675,-1.006,-0.664,4,2.108,6,1.215,9,2.052,255,0,
1545235150173,242,617110,5,1.731,-1.009,-0.662,4,2.335,6,1.251,9,1.757,255,0,
1545235150239,66,617176,9,0.000,0.000,0.000,255,0,
1545235150239,0,617176,4,-0.107,-1.793,0.000,255,0,
1545235150239,0,617176,6,2.352,0.000,0.000,255,0,
1545235150282,43,617219,5,1.788,-0.994,-0.645,4,2.025,6,1.430,9,1.906,255,0,
1545235150398,116,617335,5,1.823,-0.956,-0.628,4,2.035,6,1.430,9,1.964,255,0,
1545235150508,110,617445,5,1.829,-0.915,-0.609,4,2.035,6,1.375,9,1.964,255,0,
1545235150633,125,617570,5,1.806,-0.865,-0.601,4,1.970,6,1.445,9,1.926,255,0,
1545235150746,113,617683,5,1.703,-0.756,-0.647,4,1.932,6,1.536,9,1.932,255,0,
1545235150866,120,617803,5,1.650,-0.746,-0.671,4,1.899,6,1.624,9,1.917,255,0,
1545235150980,114,617917,5,1.609,-0.767,-0.689,4,1.875,6,1.587,9,1.913,255,0,
1545235151118,138,618055,5,1.584,-0.816,-0.692,4,1.859,6,1.654,9,1.916,255,0,
1545235151216,98,618153,5,1.560,-0.884,-0.694,4,2.080,6,1.428,9,1.943,255,0,
1545235151462,246,618399,5,1.529,-0.932,-0.709,4,1.811,6,1.550,9,1.940,255,0,
1545235151575,113,618512,5,1.488,-0.961,-0.746,4,1.803,6,1.574,9,1.976,255,0,
1545235151698,123,618635,5,1.457,-0.973,-0.781,4,2.064,6,1.438,9,1.946,255,0,
1545235151814,116,618751,5,1.433,-0.989,-0.800,4,1.977,6,1.516,9,1.946,255,0,
1545235151932,118,618869,5,1.432,-0.996,-0.793,4,1.977,6,1.516,9,1.946,255,0,
1545235152052,120,618989,5,1.463,-1.009,-0.742,4,2.017,6,1.506,9,1.891,255,0,
1545235152164,112,619101,5,1.479,-1.023,-0.714,4,2.017,6,1.506,9,1.891,255,0,
1545235152293,129,619230,5,1.495,-1.020,-0.709,4,1.646,6,1.743,9,2.063,255,0,
1545235152398,105,619335,5,1.492,-0.997,-0.736,4,1.872,6,1.745,9,1.772,255,0,
1545235152522,124,619459,5,1.478,-0.994,-0.750,4,1.715,6,1.731,9,1.741,255,0,
1545235152635,113,619572,5,1.460,-1.013,-0.743,4,1.599,6,1.757,9,1.742,255,0,
1545235152760,125,619697,5,1.433,-1.045,-0.725,4,1.592,6,1.653,9,1.693,255,0,
1545235152871,111,619808,5,1.392,-1.089,-0.706,4,1.779,6,1.688,9,1.700,255,0,
1545235153118,247,620055,5,1.350,-1.099,-0.711,4,1.748,6,1.644,9,1.665,255,0,
1545235153228,110,620165,5,1.288,-1.085,-0.722,4,1.681,6,1.594,9,1.647,255,0,
1545235153350,122,620287,5,1.243,-1.065,-0.727,4,1.913,6,1.580,9,1.679,255,0,
1545235153465,115,620402,5,1.209,-1.048,-0.716,4,1.911,6,1.300,9,1.746,255,0,
1545235153588,123,620525,5,1.187,-1.035,-0.710,4,1.862,6,1.303,9,1.740,255,0,
1545235153715,127,620652,5,1.171,-0.973,-0.726,4,1.986,6,1.329,9,1.744,255,0,
1545235153819,104,620756,5,1.185,-0.937,-0.721,4,1.991,6,1.204,9,1.717,255,0,
1545235153943,124,620880,5,1.217,-0.896,-0.709,4,2.145,6,1.205,9,1.647,255,0,
1545235154055,112,620992,5,1.275,-0.871,-0.662,4,2.047,6,1.258,9,1.659,255,0,
1545235154186,131,621123,5,1.343,-0.850,-0.599,4,2.045,6,1.263,9,1.512,255,0,
1545235154413,227,621350,5,1.407,-0.812,-0.558,4,1.724,6,1.527,9,1.313,255,0,
1545235154768,355,621705,5,1.439,-0.765,-0.550,4,1.711,6,1.368,9,1.325,255,0,
1545235155840,1072,622777,5,1.449,-0.740,-0.549,4,1.710,6,1.490,9,1.329,255,0,
1545235160242,4402,627179,9,0.000,0.000,0.000,255,0,
1545235160242,0,627179,4,-0.107,-1.793,0.000,255,0,
1545235160242,0,627179,6,2.352,0.000,0.000,255,0,
1545235170255,10013,637192,9,0.000,0.000,0.000,255,0,
1545235170255,0,637192,4,-0.107,-1.793,0.000,255,0,
1545235170255,0,637192,6,2.352,0.000,0.000,255,0,
1545235180260,10005,647197,6,2.352,0.000,0.000,255,0,
1545235180260,0,647197,9,0.000,0.000,0.000,255,0,
1545235180260,0,647197,4,-0.107,-1.793,0.000,2